********************************************************************************
DUPLICATOR-LITE PACKAGE-LOG: May 2, 2023 11:41 am
NOTICE: Do NOT post to public sites or forums 
********************************************************************************
VERSION:	1.5.3.1
WORDPRESS:	6.2
PHP INFO:	8.1.9 | SAPI: cgi-fcgi
SERVER:		nginx/1.16.0 
PHP TIME LIMIT: (0) no time limit imposed 
PHP MAX MEMORY: 4294967296 (256M default) 
MEMORY STACK: 8MB

********************************************************************************
DATABASE:
********************************************************************************
BUILD MODE:   MYSQLDUMP
MYSQLTIMEOUT: 5000
MYSQLDUMP:    Is Supported
MYSQL DUMP ERROR 2

==================================================================================
DUPLICATOR ERROR
Please try again! If the error persists see the Duplicator 'Help' menu.
---------------------------------------------------------------------------------
MESSAGE:
	Shell mysql dump error. Change SQL Mode to the "PHP Code" in the Duplicator > Settings > Packages.
TRACE:
	 1. class.pack.database.php : error (597)
	 2. class.pack.database.php : mysqlDump (223)
	 3. class.pack.php : build (1371)
	 4. ctrl.package.php : runZipBuild (89)
	 5. class-wp-hook.php : duplicator_package_build (308)
	 6. class-wp-hook.php : apply_filters (332)
	 7. plugin.php : do_action (517)
	 8. admin-ajax.php : do_action (188)
==================================================================================


==================================================================================
DUPLICATOR ERROR
Please try again! If the error persists see the Duplicator 'Help' menu.
---------------------------------------------------------------------------------
MESSAGE:
	Runtime error in DUP_Database::Build. Shell mysql dump error. Change SQL Mode to the "PHP Code" in the Duplicator > Settings > Packages.
DETAILS:
	Exception: Exception: Shell mysql dump error. Change SQL Mode to the "PHP Code" in the Duplicator > Settings > Packages. in C:\Users\Kamera\Local Sites\cloud-computing\app\public\wp-content\plugins\duplicator\classes\class.logging.php:301
Stack trace:
#0 C:\Users\Kamera\Local Sites\cloud-computing\app\public\wp-content\plugins\duplicator\classes\package\class.pack.database.php(597): DUP_Log::error('Shell mysql dum...', '', 1)
#1 C:\Users\Kamera\Local Sites\cloud-computing\app\public\wp-content\plugins\duplicator\classes\package\class.pack.database.php(223): DUP_Database->mysqlDump('C:/xampp/mysql/...')
#2 C:\Users\Kamera\Local Sites\cloud-computing\app\public\wp-content\plugins\duplicator\classes\package\class.pack.php(1371): DUP_Database->build(Object(DUP_Package), 1)
#3 C:\Users\Kamera\Local Sites\cloud-computing\app\public\wp-content\plugins\duplicator\ctrls\ctrl.package.php(89): DUP_Package->runZipBuild()
#4 C:\Users\Kamera\Local Sites\cloud-computing\app\public\wp-includes\class-wp-hook.php(308): duplicator_package_build('')
#5 C:\Users\Kamera\Local Sites\cloud-computing\app\public\wp-includes\class-wp-hook.php(332): WP_Hook->apply_filters('', Array)
#6 C:\Users\Kamera\Local Sites\cloud-computing\app\public\wp-includes\plugin.php(517): WP_Hook->do_action(Array)
#7 C:\Users\Kamera\Local Sites\cloud-computing\app\public\wp-admin\admin-ajax.php(188): do_action('wp_ajax_duplica...')
#8 {main}
TRACE:
	 1. class.pack.database.php : error (253)
	 2. class.pack.php : build (1371)
	 3. ctrl.package.php : runZipBuild (89)
	 4. class-wp-hook.php : duplicator_package_build (308)
	 5. class-wp-hook.php : apply_filters (332)
	 6. plugin.php : do_action (517)
	 7. admin-ajax.php : do_action (188)
==================================================================================

[PHP ERR][ISSUE] MSG:Automatic conversion of false to array is deprecated [CODE:8192|FILE:C:\Users\Kamera\Local Sites\cloud-computing\app\public\wp-content\plugins\wp-import-export-lite\includes\classes\import\extensions\bg\class-wpie-bg.php|LINE:92]
DUP_Handler::shutdown, DUP_Handler::error, DUP_Handler::getMessage
