[01-May-2023 11:26:35 UTC] WordPress database error Table 'wp_actionscheduler_actions' already exists for query CREATE TABLE wp_actionscheduler_actions (
				        action_id bigint(20) unsigned NOT NULL auto_increment,
				        hook varchar(191) NOT NULL,
				        status varchar(20) NOT NULL,
				        scheduled_date_gmt datetime NULL default '0000-00-00 00:00:00',
				        scheduled_date_local datetime NULL default '0000-00-00 00:00:00',
				        args varchar(191),
				        schedule longtext,
				        group_id bigint(20) unsigned NOT NULL default '0',
				        attempts int(11) NOT NULL default '0',
				        last_attempt_gmt datetime NULL default '0000-00-00 00:00:00',
				        last_attempt_local datetime NULL default '0000-00-00 00:00:00',
				        claim_id bigint(20) unsigned NOT NULL default '0',
				        extended_args varchar(8000) DEFAULT NULL,
				        PRIMARY KEY  (action_id),
				        KEY hook (hook(191)),
				        KEY status (status),
				        KEY scheduled_date_gmt (scheduled_date_gmt),
				        KEY args (args(191)),
				        KEY group_id (group_id),
				        KEY last_attempt_gmt (last_attempt_gmt),
				        KEY `claim_id_status_scheduled_date_gmt` (`claim_id`, `status`, `scheduled_date_gmt`)
				        ) DEFAULT CHARACTER SET utf8mb4 COLLATE utf8mb4_unicode_520_ci made by do_action('wp_ajax_owp_ajax_required_plugins_activate'), WP_Hook->do_action, WP_Hook->apply_filters, OceanWP_Demos->ajax_required_plugins_activate, activate_plugin, plugin_sandbox_scrape, include_once('/plugins/wpforms-lite/wpforms.php'), wpforms, WPForms\WPForms::instance, WPForms\WPForms->includes, WPForms\WPForms->includes_magic, require_once('/plugins/wpforms-lite/vendor/woocommerce/action-scheduler/action-scheduler.php'), action_scheduler_initialize_3_dot_4_dot_0, ActionScheduler::init, ActionScheduler_HybridStore->init, ActionScheduler_DBStore->init, ActionScheduler_Abstract_Schema->register_tables, ActionScheduler_Abstract_Schema->update_table, dbDelta
[01-May-2023 11:26:35 UTC] WordPress database error Duplicate entry '5' for key 'PRIMARY' for query INSERT INTO `wp_actionscheduler_actions` (`action_id`, `hook`, `status`, `scheduled_date_gmt`, `scheduled_date_local`, `last_attempt_gmt`, `last_attempt_local`) VALUES ('5', '', '', '2023-05-02 00:00:00', '2023-05-02 00:00:00', '2023-05-02 00:00:00', '2023-05-02 00:00:00') made by do_action('wp_ajax_owp_ajax_required_plugins_activate'), WP_Hook->do_action, WP_Hook->apply_filters, OceanWP_Demos->ajax_required_plugins_activate, activate_plugin, plugin_sandbox_scrape, include_once('/plugins/wpforms-lite/wpforms.php'), wpforms, WPForms\WPForms::instance, WPForms\WPForms->includes, WPForms\WPForms->includes_magic, require_once('/plugins/wpforms-lite/vendor/woocommerce/action-scheduler/action-scheduler.php'), action_scheduler_initialize_3_dot_4_dot_0, ActionScheduler::init, ActionScheduler_HybridStore->init, ActionScheduler_DBStore->init, ActionScheduler_Abstract_Schema->register_tables, ActionScheduler_Abstract_Schema->update_table, do_action('action_scheduler/created_table'), WP_Hook->do_action, WP_Hook->apply_filters, ActionScheduler_HybridStore->set_autoincrement
[01-May-2023 12:14:56 UTC] PHP Warning:  Undefined array key "google-plus" in C:\Users\Kamera\Local Sites\cloud-computing\app\public\wp-content\plugins\ocean-extra\includes\widgets\social.php on line 543
[01-May-2023 12:14:56 UTC] PHP Warning:  Trying to access array offset on value of type null in C:\Users\Kamera\Local Sites\cloud-computing\app\public\wp-content\plugins\ocean-extra\includes\widgets\social.php on line 543
[01-May-2023 12:14:56 UTC] PHP Warning:  Undefined array key "vimeo-square" in C:\Users\Kamera\Local Sites\cloud-computing\app\public\wp-content\plugins\ocean-extra\includes\widgets\social.php on line 543
[01-May-2023 12:14:56 UTC] PHP Warning:  Trying to access array offset on value of type null in C:\Users\Kamera\Local Sites\cloud-computing\app\public\wp-content\plugins\ocean-extra\includes\widgets\social.php on line 543
[01-May-2023 12:14:56 UTC] PHP Warning:  Attempt to read property "post_status" on null in C:\Users\Kamera\Local Sites\cloud-computing\app\public\wp-content\plugins\elementor\core\base\document.php on line 1711
[01-May-2023 12:14:56 UTC] PHP Warning:  Attempt to read property "post_status" on null in C:\Users\Kamera\Local Sites\cloud-computing\app\public\wp-content\plugins\elementor\core\base\document.php on line 1720
[01-May-2023 12:14:56 UTC] PHP Warning:  Attempt to read property "post_status" on null in C:\Users\Kamera\Local Sites\cloud-computing\app\public\wp-content\plugins\elementor\core\kits\manager.php on line 280
[01-May-2023 12:14:56 UTC] PHP Warning:  Attempt to read property "post_status" on null in C:\Users\Kamera\Local Sites\cloud-computing\app\public\wp-content\plugins\elementor\core\base\document.php on line 1711
[01-May-2023 12:14:56 UTC] PHP Warning:  Attempt to read property "post_status" on null in C:\Users\Kamera\Local Sites\cloud-computing\app\public\wp-content\plugins\elementor\core\base\document.php on line 1720
[01-May-2023 12:14:57 UTC] PHP Warning:  Attempt to read property "post_status" on null in C:\Users\Kamera\Local Sites\cloud-computing\app\public\wp-content\plugins\elementor\core\kits\manager.php on line 280
[01-May-2023 12:14:57 UTC] PHP Warning:  Attempt to read property "post_status" on null in C:\Users\Kamera\Local Sites\cloud-computing\app\public\wp-content\plugins\elementor\core\base\document.php on line 1711
[01-May-2023 12:14:57 UTC] PHP Warning:  Attempt to read property "post_status" on null in C:\Users\Kamera\Local Sites\cloud-computing\app\public\wp-content\plugins\elementor\core\base\document.php on line 1720
[01-May-2023 12:14:57 UTC] PHP Warning:  Attempt to read property "post_status" on null in C:\Users\Kamera\Local Sites\cloud-computing\app\public\wp-content\plugins\elementor\core\kits\manager.php on line 280
[01-May-2023 12:15:33 UTC] PHP Warning:  Attempt to read property "post_status" on null in C:\Users\Kamera\Local Sites\cloud-computing\app\public\wp-content\plugins\elementor\core\base\document.php on line 1711
[01-May-2023 12:15:33 UTC] PHP Warning:  Attempt to read property "post_status" on null in C:\Users\Kamera\Local Sites\cloud-computing\app\public\wp-content\plugins\elementor\core\base\document.php on line 1720
[01-May-2023 12:15:33 UTC] PHP Warning:  Attempt to read property "post_status" on null in C:\Users\Kamera\Local Sites\cloud-computing\app\public\wp-content\plugins\elementor\core\kits\manager.php on line 280
[01-May-2023 12:15:34 UTC] PHP Warning:  Attempt to read property "post_status" on null in C:\Users\Kamera\Local Sites\cloud-computing\app\public\wp-content\plugins\elementor\core\base\document.php on line 1711
[01-May-2023 12:15:34 UTC] PHP Warning:  Attempt to read property "post_status" on null in C:\Users\Kamera\Local Sites\cloud-computing\app\public\wp-content\plugins\elementor\core\base\document.php on line 1720
[01-May-2023 12:15:34 UTC] PHP Warning:  Attempt to read property "post_status" on null in C:\Users\Kamera\Local Sites\cloud-computing\app\public\wp-content\plugins\elementor\core\kits\manager.php on line 280
[01-May-2023 12:15:34 UTC] PHP Warning:  Attempt to read property "post_status" on null in C:\Users\Kamera\Local Sites\cloud-computing\app\public\wp-content\plugins\elementor\core\base\document.php on line 1711
[01-May-2023 12:15:34 UTC] PHP Warning:  Attempt to read property "post_status" on null in C:\Users\Kamera\Local Sites\cloud-computing\app\public\wp-content\plugins\elementor\core\base\document.php on line 1720
[01-May-2023 12:15:35 UTC] PHP Warning:  Attempt to read property "post_status" on null in C:\Users\Kamera\Local Sites\cloud-computing\app\public\wp-content\plugins\elementor\core\kits\manager.php on line 280
[01-May-2023 12:15:37 UTC] PHP Warning:  Attempt to read property "post_status" on null in C:\Users\Kamera\Local Sites\cloud-computing\app\public\wp-content\plugins\elementor\core\base\document.php on line 1711
[01-May-2023 12:15:37 UTC] PHP Warning:  Attempt to read property "post_status" on null in C:\Users\Kamera\Local Sites\cloud-computing\app\public\wp-content\plugins\elementor\core\base\document.php on line 1720
[01-May-2023 12:15:37 UTC] PHP Warning:  Attempt to read property "post_status" on null in C:\Users\Kamera\Local Sites\cloud-computing\app\public\wp-content\plugins\elementor\core\kits\manager.php on line 280
[01-May-2023 12:15:37 UTC] PHP Warning:  Attempt to read property "post_status" on null in C:\Users\Kamera\Local Sites\cloud-computing\app\public\wp-content\plugins\elementor\core\base\document.php on line 1711
[01-May-2023 12:15:37 UTC] PHP Warning:  Attempt to read property "post_status" on null in C:\Users\Kamera\Local Sites\cloud-computing\app\public\wp-content\plugins\elementor\core\base\document.php on line 1720
[01-May-2023 12:15:37 UTC] PHP Warning:  Attempt to read property "post_status" on null in C:\Users\Kamera\Local Sites\cloud-computing\app\public\wp-content\plugins\elementor\core\kits\manager.php on line 280
[01-May-2023 12:15:37 UTC] PHP Warning:  Attempt to read property "post_status" on null in C:\Users\Kamera\Local Sites\cloud-computing\app\public\wp-content\plugins\elementor\core\base\document.php on line 1711
[01-May-2023 12:15:37 UTC] PHP Warning:  Attempt to read property "post_status" on null in C:\Users\Kamera\Local Sites\cloud-computing\app\public\wp-content\plugins\elementor\core\base\document.php on line 1720
[01-May-2023 12:15:37 UTC] PHP Warning:  Attempt to read property "post_status" on null in C:\Users\Kamera\Local Sites\cloud-computing\app\public\wp-content\plugins\elementor\core\base\document.php on line 1711
[01-May-2023 12:15:37 UTC] PHP Warning:  Attempt to read property "post_status" on null in C:\Users\Kamera\Local Sites\cloud-computing\app\public\wp-content\plugins\elementor\core\base\document.php on line 1720
[01-May-2023 12:15:37 UTC] PHP Warning:  Attempt to read property "post_status" on null in C:\Users\Kamera\Local Sites\cloud-computing\app\public\wp-content\plugins\elementor\core\kits\manager.php on line 280
[01-May-2023 12:15:37 UTC] PHP Warning:  Attempt to read property "post_status" on null in C:\Users\Kamera\Local Sites\cloud-computing\app\public\wp-content\plugins\elementor\core\kits\manager.php on line 280
[01-May-2023 12:15:38 UTC] PHP Warning:  Attempt to read property "post_status" on null in C:\Users\Kamera\Local Sites\cloud-computing\app\public\wp-content\plugins\elementor\core\base\document.php on line 1711
[01-May-2023 12:15:38 UTC] PHP Warning:  Attempt to read property "post_status" on null in C:\Users\Kamera\Local Sites\cloud-computing\app\public\wp-content\plugins\elementor\core\base\document.php on line 1720
[01-May-2023 12:15:38 UTC] PHP Warning:  Attempt to read property "post_status" on null in C:\Users\Kamera\Local Sites\cloud-computing\app\public\wp-content\plugins\elementor\core\kits\manager.php on line 280
[01-May-2023 12:15:38 UTC] PHP Warning:  Attempt to read property "post_status" on null in C:\Users\Kamera\Local Sites\cloud-computing\app\public\wp-content\plugins\elementor\core\base\document.php on line 1711
[01-May-2023 12:15:38 UTC] PHP Warning:  Attempt to read property "post_status" on null in C:\Users\Kamera\Local Sites\cloud-computing\app\public\wp-content\plugins\elementor\core\base\document.php on line 1720
[01-May-2023 12:15:38 UTC] PHP Warning:  Attempt to read property "post_status" on null in C:\Users\Kamera\Local Sites\cloud-computing\app\public\wp-content\plugins\elementor\core\kits\manager.php on line 280
[01-May-2023 12:15:40 UTC] PHP Warning:  Attempt to read property "post_status" on null in C:\Users\Kamera\Local Sites\cloud-computing\app\public\wp-content\plugins\elementor\core\base\document.php on line 1711
[01-May-2023 12:15:40 UTC] PHP Warning:  Attempt to read property "post_status" on null in C:\Users\Kamera\Local Sites\cloud-computing\app\public\wp-content\plugins\elementor\core\base\document.php on line 1720
[01-May-2023 12:15:40 UTC] PHP Warning:  Attempt to read property "post_status" on null in C:\Users\Kamera\Local Sites\cloud-computing\app\public\wp-content\plugins\elementor\core\kits\manager.php on line 280
[01-May-2023 12:15:41 UTC] PHP Warning:  Attempt to read property "post_status" on null in C:\Users\Kamera\Local Sites\cloud-computing\app\public\wp-content\plugins\elementor\core\base\document.php on line 1711
[01-May-2023 12:15:41 UTC] PHP Warning:  Attempt to read property "post_status" on null in C:\Users\Kamera\Local Sites\cloud-computing\app\public\wp-content\plugins\elementor\core\base\document.php on line 1720
[01-May-2023 12:15:41 UTC] PHP Warning:  Attempt to read property "post_status" on null in C:\Users\Kamera\Local Sites\cloud-computing\app\public\wp-content\plugins\elementor\core\kits\manager.php on line 280
[01-May-2023 12:15:42 UTC] PHP Warning:  Attempt to read property "post_status" on null in C:\Users\Kamera\Local Sites\cloud-computing\app\public\wp-content\plugins\elementor\core\base\document.php on line 1711
[01-May-2023 12:15:42 UTC] PHP Warning:  Attempt to read property "post_status" on null in C:\Users\Kamera\Local Sites\cloud-computing\app\public\wp-content\plugins\elementor\core\base\document.php on line 1720
[01-May-2023 12:15:42 UTC] PHP Warning:  Attempt to read property "post_status" on null in C:\Users\Kamera\Local Sites\cloud-computing\app\public\wp-content\plugins\elementor\core\kits\manager.php on line 280
[01-May-2023 12:15:50 UTC] PHP Warning:  Attempt to read property "post_status" on null in C:\Users\Kamera\Local Sites\cloud-computing\app\public\wp-content\plugins\elementor\core\base\document.php on line 1711
[01-May-2023 12:15:50 UTC] PHP Warning:  Attempt to read property "post_status" on null in C:\Users\Kamera\Local Sites\cloud-computing\app\public\wp-content\plugins\elementor\core\base\document.php on line 1720
[01-May-2023 12:15:50 UTC] PHP Warning:  Attempt to read property "post_status" on null in C:\Users\Kamera\Local Sites\cloud-computing\app\public\wp-content\plugins\elementor\core\kits\manager.php on line 280
[01-May-2023 12:16:06 UTC] PHP Warning:  Attempt to read property "post_status" on null in C:\Users\Kamera\Local Sites\cloud-computing\app\public\wp-content\plugins\elementor\core\base\document.php on line 1711
[01-May-2023 12:16:06 UTC] PHP Warning:  Attempt to read property "post_status" on null in C:\Users\Kamera\Local Sites\cloud-computing\app\public\wp-content\plugins\elementor\core\base\document.php on line 1720
[01-May-2023 12:16:06 UTC] PHP Warning:  Attempt to read property "post_status" on null in C:\Users\Kamera\Local Sites\cloud-computing\app\public\wp-content\plugins\elementor\core\kits\manager.php on line 280
[01-May-2023 12:16:13 UTC] PHP Warning:  Attempt to read property "post_status" on null in C:\Users\Kamera\Local Sites\cloud-computing\app\public\wp-content\plugins\elementor\core\base\document.php on line 1711
[01-May-2023 12:16:13 UTC] PHP Warning:  Attempt to read property "post_status" on null in C:\Users\Kamera\Local Sites\cloud-computing\app\public\wp-content\plugins\elementor\core\base\document.php on line 1720
[01-May-2023 12:16:13 UTC] PHP Warning:  Attempt to read property "post_status" on null in C:\Users\Kamera\Local Sites\cloud-computing\app\public\wp-content\plugins\elementor\core\kits\manager.php on line 280
[01-May-2023 12:16:40 UTC] PHP Warning:  Attempt to read property "post_status" on null in C:\Users\Kamera\Local Sites\cloud-computing\app\public\wp-content\plugins\elementor\core\base\document.php on line 1711
[01-May-2023 12:16:40 UTC] PHP Warning:  Attempt to read property "post_status" on null in C:\Users\Kamera\Local Sites\cloud-computing\app\public\wp-content\plugins\elementor\core\base\document.php on line 1720
[01-May-2023 12:16:40 UTC] PHP Warning:  Attempt to read property "post_status" on null in C:\Users\Kamera\Local Sites\cloud-computing\app\public\wp-content\plugins\elementor\core\kits\manager.php on line 280
[01-May-2023 12:16:40 UTC] PHP Warning:  Attempt to read property "post_status" on null in C:\Users\Kamera\Local Sites\cloud-computing\app\public\wp-content\plugins\elementor\core\base\document.php on line 1711
[01-May-2023 12:16:40 UTC] PHP Warning:  Attempt to read property "post_status" on null in C:\Users\Kamera\Local Sites\cloud-computing\app\public\wp-content\plugins\elementor\core\base\document.php on line 1720
[01-May-2023 12:16:40 UTC] PHP Warning:  Attempt to read property "post_status" on null in C:\Users\Kamera\Local Sites\cloud-computing\app\public\wp-content\plugins\elementor\core\kits\manager.php on line 280
[01-May-2023 12:16:41 UTC] PHP Warning:  Attempt to read property "post_status" on null in C:\Users\Kamera\Local Sites\cloud-computing\app\public\wp-content\plugins\elementor\core\base\document.php on line 1711
[01-May-2023 12:16:41 UTC] PHP Warning:  Attempt to read property "post_status" on null in C:\Users\Kamera\Local Sites\cloud-computing\app\public\wp-content\plugins\elementor\core\base\document.php on line 1720
[01-May-2023 12:16:41 UTC] PHP Warning:  Attempt to read property "post_status" on null in C:\Users\Kamera\Local Sites\cloud-computing\app\public\wp-content\plugins\elementor\core\kits\manager.php on line 280
[01-May-2023 12:16:42 UTC] PHP Warning:  Attempt to read property "post_status" on null in C:\Users\Kamera\Local Sites\cloud-computing\app\public\wp-content\plugins\elementor\core\base\document.php on line 1711
[01-May-2023 12:16:42 UTC] PHP Warning:  Attempt to read property "post_status" on null in C:\Users\Kamera\Local Sites\cloud-computing\app\public\wp-content\plugins\elementor\core\base\document.php on line 1720
[01-May-2023 12:16:42 UTC] PHP Warning:  Attempt to read property "post_status" on null in C:\Users\Kamera\Local Sites\cloud-computing\app\public\wp-content\plugins\elementor\core\kits\manager.php on line 280
[01-May-2023 12:16:42 UTC] PHP Warning:  Attempt to read property "post_status" on null in C:\Users\Kamera\Local Sites\cloud-computing\app\public\wp-content\plugins\elementor\core\base\document.php on line 1711
[01-May-2023 12:16:42 UTC] PHP Warning:  Attempt to read property "post_status" on null in C:\Users\Kamera\Local Sites\cloud-computing\app\public\wp-content\plugins\elementor\core\base\document.php on line 1720
[01-May-2023 12:16:42 UTC] PHP Warning:  Attempt to read property "post_status" on null in C:\Users\Kamera\Local Sites\cloud-computing\app\public\wp-content\plugins\elementor\core\kits\manager.php on line 280
[01-May-2023 12:16:43 UTC] PHP Warning:  Attempt to read property "post_status" on null in C:\Users\Kamera\Local Sites\cloud-computing\app\public\wp-content\plugins\elementor\core\base\document.php on line 1711
[01-May-2023 12:16:43 UTC] PHP Warning:  Attempt to read property "post_status" on null in C:\Users\Kamera\Local Sites\cloud-computing\app\public\wp-content\plugins\elementor\core\base\document.php on line 1720
[01-May-2023 12:16:43 UTC] PHP Warning:  Attempt to read property "post_status" on null in C:\Users\Kamera\Local Sites\cloud-computing\app\public\wp-content\plugins\elementor\core\base\document.php on line 1711
[01-May-2023 12:16:43 UTC] PHP Warning:  Attempt to read property "post_status" on null in C:\Users\Kamera\Local Sites\cloud-computing\app\public\wp-content\plugins\elementor\core\base\document.php on line 1720
[01-May-2023 12:16:43 UTC] PHP Warning:  Attempt to read property "post_status" on null in C:\Users\Kamera\Local Sites\cloud-computing\app\public\wp-content\plugins\elementor\core\kits\manager.php on line 280
[01-May-2023 12:16:43 UTC] PHP Warning:  Attempt to read property "post_status" on null in C:\Users\Kamera\Local Sites\cloud-computing\app\public\wp-content\plugins\elementor\core\kits\manager.php on line 280
[01-May-2023 12:16:45 UTC] PHP Warning:  Attempt to read property "post_status" on null in C:\Users\Kamera\Local Sites\cloud-computing\app\public\wp-content\plugins\elementor\core\base\document.php on line 1711
[01-May-2023 12:16:45 UTC] PHP Warning:  Attempt to read property "post_status" on null in C:\Users\Kamera\Local Sites\cloud-computing\app\public\wp-content\plugins\elementor\core\base\document.php on line 1720
[01-May-2023 12:16:45 UTC] PHP Warning:  Attempt to read property "post_status" on null in C:\Users\Kamera\Local Sites\cloud-computing\app\public\wp-content\plugins\elementor\core\kits\manager.php on line 280
[01-May-2023 12:16:45 UTC] PHP Warning:  Attempt to read property "post_status" on null in C:\Users\Kamera\Local Sites\cloud-computing\app\public\wp-content\plugins\elementor\core\base\document.php on line 1711
[01-May-2023 12:16:45 UTC] PHP Warning:  Attempt to read property "post_status" on null in C:\Users\Kamera\Local Sites\cloud-computing\app\public\wp-content\plugins\elementor\core\base\document.php on line 1720
[01-May-2023 12:16:45 UTC] PHP Warning:  Attempt to read property "post_status" on null in C:\Users\Kamera\Local Sites\cloud-computing\app\public\wp-content\plugins\elementor\core\kits\manager.php on line 280
[01-May-2023 12:16:46 UTC] PHP Warning:  Attempt to read property "post_status" on null in C:\Users\Kamera\Local Sites\cloud-computing\app\public\wp-content\plugins\elementor\core\base\document.php on line 1711
[01-May-2023 12:16:46 UTC] PHP Warning:  Attempt to read property "post_status" on null in C:\Users\Kamera\Local Sites\cloud-computing\app\public\wp-content\plugins\elementor\core\base\document.php on line 1720
[01-May-2023 12:16:46 UTC] PHP Warning:  Attempt to read property "post_status" on null in C:\Users\Kamera\Local Sites\cloud-computing\app\public\wp-content\plugins\elementor\core\kits\manager.php on line 280
[01-May-2023 12:16:46 UTC] PHP Warning:  Attempt to read property "post_status" on null in C:\Users\Kamera\Local Sites\cloud-computing\app\public\wp-content\plugins\elementor\core\base\document.php on line 1711
[01-May-2023 12:16:46 UTC] PHP Warning:  Attempt to read property "post_status" on null in C:\Users\Kamera\Local Sites\cloud-computing\app\public\wp-content\plugins\elementor\core\base\document.php on line 1720
[01-May-2023 12:16:46 UTC] PHP Warning:  Attempt to read property "post_status" on null in C:\Users\Kamera\Local Sites\cloud-computing\app\public\wp-content\plugins\elementor\core\kits\manager.php on line 280
[01-May-2023 12:16:47 UTC] PHP Warning:  Attempt to read property "post_status" on null in C:\Users\Kamera\Local Sites\cloud-computing\app\public\wp-content\plugins\elementor\core\base\document.php on line 1711
[01-May-2023 12:16:47 UTC] PHP Warning:  Attempt to read property "post_status" on null in C:\Users\Kamera\Local Sites\cloud-computing\app\public\wp-content\plugins\elementor\core\base\document.php on line 1720
[01-May-2023 12:16:47 UTC] PHP Warning:  Attempt to read property "post_status" on null in C:\Users\Kamera\Local Sites\cloud-computing\app\public\wp-content\plugins\elementor\core\base\document.php on line 1711
[01-May-2023 12:16:47 UTC] PHP Warning:  Attempt to read property "post_status" on null in C:\Users\Kamera\Local Sites\cloud-computing\app\public\wp-content\plugins\elementor\core\base\document.php on line 1720
[01-May-2023 12:16:47 UTC] PHP Warning:  Attempt to read property "post_status" on null in C:\Users\Kamera\Local Sites\cloud-computing\app\public\wp-content\plugins\elementor\core\kits\manager.php on line 280
[01-May-2023 12:16:47 UTC] PHP Warning:  Attempt to read property "post_status" on null in C:\Users\Kamera\Local Sites\cloud-computing\app\public\wp-content\plugins\elementor\core\kits\manager.php on line 280
[01-May-2023 12:16:49 UTC] PHP Warning:  Attempt to read property "post_status" on null in C:\Users\Kamera\Local Sites\cloud-computing\app\public\wp-content\plugins\elementor\core\base\document.php on line 1711
[01-May-2023 12:16:49 UTC] PHP Warning:  Attempt to read property "post_status" on null in C:\Users\Kamera\Local Sites\cloud-computing\app\public\wp-content\plugins\elementor\core\base\document.php on line 1720
[01-May-2023 12:16:49 UTC] PHP Warning:  Attempt to read property "post_status" on null in C:\Users\Kamera\Local Sites\cloud-computing\app\public\wp-content\plugins\elementor\core\kits\manager.php on line 280
[01-May-2023 12:16:50 UTC] PHP Warning:  Attempt to read property "post_status" on null in C:\Users\Kamera\Local Sites\cloud-computing\app\public\wp-content\plugins\elementor\core\base\document.php on line 1711
[01-May-2023 12:16:50 UTC] PHP Warning:  Attempt to read property "post_status" on null in C:\Users\Kamera\Local Sites\cloud-computing\app\public\wp-content\plugins\elementor\core\base\document.php on line 1720
[01-May-2023 12:16:50 UTC] PHP Warning:  Attempt to read property "post_status" on null in C:\Users\Kamera\Local Sites\cloud-computing\app\public\wp-content\plugins\elementor\core\kits\manager.php on line 280
[01-May-2023 12:16:50 UTC] PHP Warning:  Attempt to read property "post_status" on null in C:\Users\Kamera\Local Sites\cloud-computing\app\public\wp-content\plugins\elementor\core\base\document.php on line 1711
[01-May-2023 12:16:50 UTC] PHP Warning:  Attempt to read property "post_status" on null in C:\Users\Kamera\Local Sites\cloud-computing\app\public\wp-content\plugins\elementor\core\base\document.php on line 1720
[01-May-2023 12:16:50 UTC] PHP Warning:  Attempt to read property "post_status" on null in C:\Users\Kamera\Local Sites\cloud-computing\app\public\wp-content\plugins\elementor\core\kits\manager.php on line 280
[01-May-2023 12:16:59 UTC] PHP Warning:  Attempt to read property "post_status" on null in C:\Users\Kamera\Local Sites\cloud-computing\app\public\wp-content\plugins\elementor\core\base\document.php on line 1711
[01-May-2023 12:16:59 UTC] PHP Warning:  Attempt to read property "post_status" on null in C:\Users\Kamera\Local Sites\cloud-computing\app\public\wp-content\plugins\elementor\core\base\document.php on line 1720
[01-May-2023 12:16:59 UTC] PHP Warning:  Attempt to read property "post_status" on null in C:\Users\Kamera\Local Sites\cloud-computing\app\public\wp-content\plugins\elementor\core\kits\manager.php on line 280
[01-May-2023 12:17:00 UTC] PHP Warning:  Attempt to read property "post_status" on null in C:\Users\Kamera\Local Sites\cloud-computing\app\public\wp-content\plugins\elementor\core\base\document.php on line 1711
[01-May-2023 12:17:00 UTC] PHP Warning:  Attempt to read property "post_status" on null in C:\Users\Kamera\Local Sites\cloud-computing\app\public\wp-content\plugins\elementor\core\base\document.php on line 1720
[01-May-2023 12:17:00 UTC] PHP Warning:  Attempt to read property "post_status" on null in C:\Users\Kamera\Local Sites\cloud-computing\app\public\wp-content\plugins\elementor\core\kits\manager.php on line 280
[01-May-2023 12:17:00 UTC] PHP Warning:  Attempt to read property "post_status" on null in C:\Users\Kamera\Local Sites\cloud-computing\app\public\wp-content\plugins\elementor\core\base\document.php on line 1711
[01-May-2023 12:17:00 UTC] PHP Warning:  Attempt to read property "post_status" on null in C:\Users\Kamera\Local Sites\cloud-computing\app\public\wp-content\plugins\elementor\core\base\document.php on line 1720
[01-May-2023 12:17:00 UTC] PHP Warning:  Attempt to read property "post_status" on null in C:\Users\Kamera\Local Sites\cloud-computing\app\public\wp-content\plugins\elementor\core\kits\manager.php on line 280
[01-May-2023 12:17:19 UTC] PHP Warning:  Attempt to read property "post_status" on null in C:\Users\Kamera\Local Sites\cloud-computing\app\public\wp-content\plugins\elementor\core\base\document.php on line 1711
[01-May-2023 12:17:19 UTC] PHP Warning:  Attempt to read property "post_status" on null in C:\Users\Kamera\Local Sites\cloud-computing\app\public\wp-content\plugins\elementor\core\base\document.php on line 1720
[01-May-2023 12:17:19 UTC] PHP Warning:  Attempt to read property "post_status" on null in C:\Users\Kamera\Local Sites\cloud-computing\app\public\wp-content\plugins\elementor\core\kits\manager.php on line 280
[01-May-2023 12:17:27 UTC] PHP Warning:  Attempt to read property "post_status" on null in C:\Users\Kamera\Local Sites\cloud-computing\app\public\wp-content\plugins\elementor\core\base\document.php on line 1711
[01-May-2023 12:17:27 UTC] PHP Warning:  Attempt to read property "post_status" on null in C:\Users\Kamera\Local Sites\cloud-computing\app\public\wp-content\plugins\elementor\core\base\document.php on line 1720
[01-May-2023 12:17:27 UTC] PHP Warning:  Attempt to read property "post_status" on null in C:\Users\Kamera\Local Sites\cloud-computing\app\public\wp-content\plugins\elementor\core\kits\manager.php on line 280
[01-May-2023 12:17:31 UTC] PHP Warning:  Attempt to read property "post_status" on null in C:\Users\Kamera\Local Sites\cloud-computing\app\public\wp-content\plugins\elementor\core\base\document.php on line 1711
[01-May-2023 12:17:31 UTC] PHP Warning:  Attempt to read property "post_status" on null in C:\Users\Kamera\Local Sites\cloud-computing\app\public\wp-content\plugins\elementor\core\base\document.php on line 1720
[01-May-2023 12:17:31 UTC] PHP Warning:  Attempt to read property "post_status" on null in C:\Users\Kamera\Local Sites\cloud-computing\app\public\wp-content\plugins\elementor\core\kits\manager.php on line 280
[01-May-2023 12:17:47 UTC] PHP Warning:  Undefined array key "google-plus" in C:\Users\Kamera\Local Sites\cloud-computing\app\public\wp-content\plugins\ocean-extra\includes\widgets\social.php on line 543
[01-May-2023 12:17:47 UTC] PHP Warning:  Trying to access array offset on value of type null in C:\Users\Kamera\Local Sites\cloud-computing\app\public\wp-content\plugins\ocean-extra\includes\widgets\social.php on line 543
[01-May-2023 12:17:47 UTC] PHP Warning:  Undefined array key "vimeo-square" in C:\Users\Kamera\Local Sites\cloud-computing\app\public\wp-content\plugins\ocean-extra\includes\widgets\social.php on line 543
[01-May-2023 12:17:47 UTC] PHP Warning:  Trying to access array offset on value of type null in C:\Users\Kamera\Local Sites\cloud-computing\app\public\wp-content\plugins\ocean-extra\includes\widgets\social.php on line 543
[01-May-2023 12:17:48 UTC] PHP Warning:  Attempt to read property "post_status" on null in C:\Users\Kamera\Local Sites\cloud-computing\app\public\wp-content\plugins\elementor\core\base\document.php on line 1711
[01-May-2023 12:17:48 UTC] PHP Warning:  Attempt to read property "post_status" on null in C:\Users\Kamera\Local Sites\cloud-computing\app\public\wp-content\plugins\elementor\core\base\document.php on line 1720
[01-May-2023 12:17:48 UTC] PHP Warning:  Attempt to read property "post_status" on null in C:\Users\Kamera\Local Sites\cloud-computing\app\public\wp-content\plugins\elementor\core\kits\manager.php on line 280
[01-May-2023 12:17:49 UTC] PHP Warning:  Undefined array key "google-plus" in C:\Users\Kamera\Local Sites\cloud-computing\app\public\wp-content\plugins\ocean-extra\includes\widgets\social.php on line 543
[01-May-2023 12:17:49 UTC] PHP Warning:  Trying to access array offset on value of type null in C:\Users\Kamera\Local Sites\cloud-computing\app\public\wp-content\plugins\ocean-extra\includes\widgets\social.php on line 543
[01-May-2023 12:17:49 UTC] PHP Warning:  Undefined array key "vimeo-square" in C:\Users\Kamera\Local Sites\cloud-computing\app\public\wp-content\plugins\ocean-extra\includes\widgets\social.php on line 543
[01-May-2023 12:17:49 UTC] PHP Warning:  Trying to access array offset on value of type null in C:\Users\Kamera\Local Sites\cloud-computing\app\public\wp-content\plugins\ocean-extra\includes\widgets\social.php on line 543
[01-May-2023 12:17:49 UTC] PHP Warning:  Attempt to read property "post_status" on null in C:\Users\Kamera\Local Sites\cloud-computing\app\public\wp-content\plugins\elementor\core\base\document.php on line 1711
[01-May-2023 12:17:49 UTC] PHP Warning:  Attempt to read property "post_status" on null in C:\Users\Kamera\Local Sites\cloud-computing\app\public\wp-content\plugins\elementor\core\base\document.php on line 1720
[01-May-2023 12:17:49 UTC] PHP Warning:  Attempt to read property "post_status" on null in C:\Users\Kamera\Local Sites\cloud-computing\app\public\wp-content\plugins\elementor\core\kits\manager.php on line 280
[01-May-2023 12:17:52 UTC] PHP Warning:  Undefined array key "google-plus" in C:\Users\Kamera\Local Sites\cloud-computing\app\public\wp-content\plugins\ocean-extra\includes\widgets\social.php on line 543
[01-May-2023 12:17:52 UTC] PHP Warning:  Trying to access array offset on value of type null in C:\Users\Kamera\Local Sites\cloud-computing\app\public\wp-content\plugins\ocean-extra\includes\widgets\social.php on line 543
[01-May-2023 12:17:52 UTC] PHP Warning:  Undefined array key "vimeo-square" in C:\Users\Kamera\Local Sites\cloud-computing\app\public\wp-content\plugins\ocean-extra\includes\widgets\social.php on line 543
[01-May-2023 12:17:52 UTC] PHP Warning:  Trying to access array offset on value of type null in C:\Users\Kamera\Local Sites\cloud-computing\app\public\wp-content\plugins\ocean-extra\includes\widgets\social.php on line 543
[01-May-2023 12:17:52 UTC] PHP Warning:  Attempt to read property "post_status" on null in C:\Users\Kamera\Local Sites\cloud-computing\app\public\wp-content\plugins\elementor\core\base\document.php on line 1711
[01-May-2023 12:17:52 UTC] PHP Warning:  Attempt to read property "post_status" on null in C:\Users\Kamera\Local Sites\cloud-computing\app\public\wp-content\plugins\elementor\core\base\document.php on line 1720
[01-May-2023 12:17:52 UTC] PHP Warning:  Attempt to read property "post_status" on null in C:\Users\Kamera\Local Sites\cloud-computing\app\public\wp-content\plugins\elementor\core\kits\manager.php on line 280
[01-May-2023 12:17:54 UTC] PHP Warning:  Undefined array key "google-plus" in C:\Users\Kamera\Local Sites\cloud-computing\app\public\wp-content\plugins\ocean-extra\includes\widgets\social.php on line 543
[01-May-2023 12:17:54 UTC] PHP Warning:  Trying to access array offset on value of type null in C:\Users\Kamera\Local Sites\cloud-computing\app\public\wp-content\plugins\ocean-extra\includes\widgets\social.php on line 543
[01-May-2023 12:17:54 UTC] PHP Warning:  Undefined array key "vimeo-square" in C:\Users\Kamera\Local Sites\cloud-computing\app\public\wp-content\plugins\ocean-extra\includes\widgets\social.php on line 543
[01-May-2023 12:17:54 UTC] PHP Warning:  Trying to access array offset on value of type null in C:\Users\Kamera\Local Sites\cloud-computing\app\public\wp-content\plugins\ocean-extra\includes\widgets\social.php on line 543
[01-May-2023 12:17:54 UTC] PHP Warning:  Attempt to read property "post_status" on null in C:\Users\Kamera\Local Sites\cloud-computing\app\public\wp-content\plugins\elementor\core\base\document.php on line 1711
[01-May-2023 12:17:54 UTC] PHP Warning:  Attempt to read property "post_status" on null in C:\Users\Kamera\Local Sites\cloud-computing\app\public\wp-content\plugins\elementor\core\base\document.php on line 1720
[01-May-2023 12:17:55 UTC] PHP Warning:  Attempt to read property "post_status" on null in C:\Users\Kamera\Local Sites\cloud-computing\app\public\wp-content\plugins\elementor\core\kits\manager.php on line 280
[01-May-2023 12:17:55 UTC] PHP Warning:  Undefined array key "google-plus" in C:\Users\Kamera\Local Sites\cloud-computing\app\public\wp-content\plugins\ocean-extra\includes\widgets\social.php on line 543
[01-May-2023 12:17:55 UTC] PHP Warning:  Trying to access array offset on value of type null in C:\Users\Kamera\Local Sites\cloud-computing\app\public\wp-content\plugins\ocean-extra\includes\widgets\social.php on line 543
[01-May-2023 12:17:55 UTC] PHP Warning:  Undefined array key "vimeo-square" in C:\Users\Kamera\Local Sites\cloud-computing\app\public\wp-content\plugins\ocean-extra\includes\widgets\social.php on line 543
[01-May-2023 12:17:55 UTC] PHP Warning:  Trying to access array offset on value of type null in C:\Users\Kamera\Local Sites\cloud-computing\app\public\wp-content\plugins\ocean-extra\includes\widgets\social.php on line 543
[01-May-2023 12:17:56 UTC] PHP Warning:  Attempt to read property "post_status" on null in C:\Users\Kamera\Local Sites\cloud-computing\app\public\wp-content\plugins\elementor\core\base\document.php on line 1711
[01-May-2023 12:17:56 UTC] PHP Warning:  Attempt to read property "post_status" on null in C:\Users\Kamera\Local Sites\cloud-computing\app\public\wp-content\plugins\elementor\core\base\document.php on line 1720
[01-May-2023 12:17:56 UTC] PHP Warning:  Attempt to read property "post_status" on null in C:\Users\Kamera\Local Sites\cloud-computing\app\public\wp-content\plugins\elementor\core\kits\manager.php on line 280
[01-May-2023 12:17:59 UTC] PHP Warning:  Undefined array key "google-plus" in C:\Users\Kamera\Local Sites\cloud-computing\app\public\wp-content\plugins\ocean-extra\includes\widgets\social.php on line 543
[01-May-2023 12:17:59 UTC] PHP Warning:  Trying to access array offset on value of type null in C:\Users\Kamera\Local Sites\cloud-computing\app\public\wp-content\plugins\ocean-extra\includes\widgets\social.php on line 543
[01-May-2023 12:17:59 UTC] PHP Warning:  Undefined array key "vimeo-square" in C:\Users\Kamera\Local Sites\cloud-computing\app\public\wp-content\plugins\ocean-extra\includes\widgets\social.php on line 543
[01-May-2023 12:17:59 UTC] PHP Warning:  Trying to access array offset on value of type null in C:\Users\Kamera\Local Sites\cloud-computing\app\public\wp-content\plugins\ocean-extra\includes\widgets\social.php on line 543
[01-May-2023 12:18:00 UTC] PHP Warning:  Attempt to read property "post_status" on null in C:\Users\Kamera\Local Sites\cloud-computing\app\public\wp-content\plugins\elementor\core\base\document.php on line 1711
[01-May-2023 12:18:00 UTC] PHP Warning:  Attempt to read property "post_status" on null in C:\Users\Kamera\Local Sites\cloud-computing\app\public\wp-content\plugins\elementor\core\base\document.php on line 1720
[01-May-2023 12:18:00 UTC] PHP Warning:  Attempt to read property "post_status" on null in C:\Users\Kamera\Local Sites\cloud-computing\app\public\wp-content\plugins\elementor\core\kits\manager.php on line 280
[01-May-2023 12:18:01 UTC] PHP Warning:  Undefined array key "google-plus" in C:\Users\Kamera\Local Sites\cloud-computing\app\public\wp-content\plugins\ocean-extra\includes\widgets\social.php on line 543
[01-May-2023 12:18:01 UTC] PHP Warning:  Trying to access array offset on value of type null in C:\Users\Kamera\Local Sites\cloud-computing\app\public\wp-content\plugins\ocean-extra\includes\widgets\social.php on line 543
[01-May-2023 12:18:01 UTC] PHP Warning:  Undefined array key "vimeo-square" in C:\Users\Kamera\Local Sites\cloud-computing\app\public\wp-content\plugins\ocean-extra\includes\widgets\social.php on line 543
[01-May-2023 12:18:01 UTC] PHP Warning:  Trying to access array offset on value of type null in C:\Users\Kamera\Local Sites\cloud-computing\app\public\wp-content\plugins\ocean-extra\includes\widgets\social.php on line 543
[01-May-2023 12:18:01 UTC] PHP Warning:  Attempt to read property "post_status" on null in C:\Users\Kamera\Local Sites\cloud-computing\app\public\wp-content\plugins\elementor\core\base\document.php on line 1711
[01-May-2023 12:18:01 UTC] PHP Warning:  Attempt to read property "post_status" on null in C:\Users\Kamera\Local Sites\cloud-computing\app\public\wp-content\plugins\elementor\core\base\document.php on line 1720
[01-May-2023 12:18:01 UTC] PHP Warning:  Attempt to read property "post_status" on null in C:\Users\Kamera\Local Sites\cloud-computing\app\public\wp-content\plugins\elementor\core\kits\manager.php on line 280
[01-May-2023 12:18:02 UTC] PHP Warning:  Undefined array key "google-plus" in C:\Users\Kamera\Local Sites\cloud-computing\app\public\wp-content\plugins\ocean-extra\includes\widgets\social.php on line 543
[01-May-2023 12:18:02 UTC] PHP Warning:  Trying to access array offset on value of type null in C:\Users\Kamera\Local Sites\cloud-computing\app\public\wp-content\plugins\ocean-extra\includes\widgets\social.php on line 543
[01-May-2023 12:18:02 UTC] PHP Warning:  Undefined array key "vimeo-square" in C:\Users\Kamera\Local Sites\cloud-computing\app\public\wp-content\plugins\ocean-extra\includes\widgets\social.php on line 543
[01-May-2023 12:18:02 UTC] PHP Warning:  Trying to access array offset on value of type null in C:\Users\Kamera\Local Sites\cloud-computing\app\public\wp-content\plugins\ocean-extra\includes\widgets\social.php on line 543
[01-May-2023 12:18:02 UTC] PHP Warning:  Attempt to read property "post_status" on null in C:\Users\Kamera\Local Sites\cloud-computing\app\public\wp-content\plugins\elementor\core\base\document.php on line 1711
[01-May-2023 12:18:02 UTC] PHP Warning:  Attempt to read property "post_status" on null in C:\Users\Kamera\Local Sites\cloud-computing\app\public\wp-content\plugins\elementor\core\base\document.php on line 1720
[01-May-2023 12:18:03 UTC] PHP Warning:  Attempt to read property "post_status" on null in C:\Users\Kamera\Local Sites\cloud-computing\app\public\wp-content\plugins\elementor\core\kits\manager.php on line 280
[01-May-2023 12:18:03 UTC] PHP Warning:  Undefined array key "google-plus" in C:\Users\Kamera\Local Sites\cloud-computing\app\public\wp-content\plugins\ocean-extra\includes\widgets\social.php on line 543
[01-May-2023 12:18:03 UTC] PHP Warning:  Trying to access array offset on value of type null in C:\Users\Kamera\Local Sites\cloud-computing\app\public\wp-content\plugins\ocean-extra\includes\widgets\social.php on line 543
[01-May-2023 12:18:03 UTC] PHP Warning:  Undefined array key "vimeo-square" in C:\Users\Kamera\Local Sites\cloud-computing\app\public\wp-content\plugins\ocean-extra\includes\widgets\social.php on line 543
[01-May-2023 12:18:03 UTC] PHP Warning:  Trying to access array offset on value of type null in C:\Users\Kamera\Local Sites\cloud-computing\app\public\wp-content\plugins\ocean-extra\includes\widgets\social.php on line 543
[01-May-2023 12:18:04 UTC] PHP Warning:  Attempt to read property "post_status" on null in C:\Users\Kamera\Local Sites\cloud-computing\app\public\wp-content\plugins\elementor\core\base\document.php on line 1711
[01-May-2023 12:18:04 UTC] PHP Warning:  Attempt to read property "post_status" on null in C:\Users\Kamera\Local Sites\cloud-computing\app\public\wp-content\plugins\elementor\core\base\document.php on line 1720
[01-May-2023 12:18:04 UTC] PHP Warning:  Attempt to read property "post_status" on null in C:\Users\Kamera\Local Sites\cloud-computing\app\public\wp-content\plugins\elementor\core\kits\manager.php on line 280
[01-May-2023 12:18:07 UTC] PHP Warning:  Undefined array key "google-plus" in C:\Users\Kamera\Local Sites\cloud-computing\app\public\wp-content\plugins\ocean-extra\includes\widgets\social.php on line 543
[01-May-2023 12:18:07 UTC] PHP Warning:  Trying to access array offset on value of type null in C:\Users\Kamera\Local Sites\cloud-computing\app\public\wp-content\plugins\ocean-extra\includes\widgets\social.php on line 543
[01-May-2023 12:18:07 UTC] PHP Warning:  Undefined array key "vimeo-square" in C:\Users\Kamera\Local Sites\cloud-computing\app\public\wp-content\plugins\ocean-extra\includes\widgets\social.php on line 543
[01-May-2023 12:18:07 UTC] PHP Warning:  Trying to access array offset on value of type null in C:\Users\Kamera\Local Sites\cloud-computing\app\public\wp-content\plugins\ocean-extra\includes\widgets\social.php on line 543
[01-May-2023 12:18:08 UTC] PHP Warning:  Attempt to read property "post_status" on null in C:\Users\Kamera\Local Sites\cloud-computing\app\public\wp-content\plugins\elementor\core\base\document.php on line 1711
[01-May-2023 12:18:08 UTC] PHP Warning:  Attempt to read property "post_status" on null in C:\Users\Kamera\Local Sites\cloud-computing\app\public\wp-content\plugins\elementor\core\base\document.php on line 1720
[01-May-2023 12:18:08 UTC] PHP Warning:  Attempt to read property "post_status" on null in C:\Users\Kamera\Local Sites\cloud-computing\app\public\wp-content\plugins\elementor\core\kits\manager.php on line 280
[01-May-2023 12:18:09 UTC] PHP Warning:  Undefined array key "google-plus" in C:\Users\Kamera\Local Sites\cloud-computing\app\public\wp-content\plugins\ocean-extra\includes\widgets\social.php on line 543
[01-May-2023 12:18:09 UTC] PHP Warning:  Trying to access array offset on value of type null in C:\Users\Kamera\Local Sites\cloud-computing\app\public\wp-content\plugins\ocean-extra\includes\widgets\social.php on line 543
[01-May-2023 12:18:09 UTC] PHP Warning:  Undefined array key "vimeo-square" in C:\Users\Kamera\Local Sites\cloud-computing\app\public\wp-content\plugins\ocean-extra\includes\widgets\social.php on line 543
[01-May-2023 12:18:09 UTC] PHP Warning:  Trying to access array offset on value of type null in C:\Users\Kamera\Local Sites\cloud-computing\app\public\wp-content\plugins\ocean-extra\includes\widgets\social.php on line 543
[01-May-2023 12:18:09 UTC] PHP Warning:  Attempt to read property "post_status" on null in C:\Users\Kamera\Local Sites\cloud-computing\app\public\wp-content\plugins\elementor\core\base\document.php on line 1711
[01-May-2023 12:18:09 UTC] PHP Warning:  Attempt to read property "post_status" on null in C:\Users\Kamera\Local Sites\cloud-computing\app\public\wp-content\plugins\elementor\core\base\document.php on line 1720
[01-May-2023 12:18:09 UTC] PHP Warning:  Attempt to read property "post_status" on null in C:\Users\Kamera\Local Sites\cloud-computing\app\public\wp-content\plugins\elementor\core\kits\manager.php on line 280
[01-May-2023 12:18:10 UTC] PHP Warning:  Undefined array key "google-plus" in C:\Users\Kamera\Local Sites\cloud-computing\app\public\wp-content\plugins\ocean-extra\includes\widgets\social.php on line 543
[01-May-2023 12:18:10 UTC] PHP Warning:  Trying to access array offset on value of type null in C:\Users\Kamera\Local Sites\cloud-computing\app\public\wp-content\plugins\ocean-extra\includes\widgets\social.php on line 543
[01-May-2023 12:18:10 UTC] PHP Warning:  Undefined array key "vimeo-square" in C:\Users\Kamera\Local Sites\cloud-computing\app\public\wp-content\plugins\ocean-extra\includes\widgets\social.php on line 543
[01-May-2023 12:18:10 UTC] PHP Warning:  Trying to access array offset on value of type null in C:\Users\Kamera\Local Sites\cloud-computing\app\public\wp-content\plugins\ocean-extra\includes\widgets\social.php on line 543
[01-May-2023 12:18:11 UTC] PHP Warning:  Attempt to read property "post_status" on null in C:\Users\Kamera\Local Sites\cloud-computing\app\public\wp-content\plugins\elementor\core\base\document.php on line 1711
[01-May-2023 12:18:11 UTC] PHP Warning:  Attempt to read property "post_status" on null in C:\Users\Kamera\Local Sites\cloud-computing\app\public\wp-content\plugins\elementor\core\base\document.php on line 1720
[01-May-2023 12:18:11 UTC] PHP Warning:  Attempt to read property "post_status" on null in C:\Users\Kamera\Local Sites\cloud-computing\app\public\wp-content\plugins\elementor\core\kits\manager.php on line 280
[01-May-2023 12:18:12 UTC] PHP Warning:  Undefined array key "google-plus" in C:\Users\Kamera\Local Sites\cloud-computing\app\public\wp-content\plugins\ocean-extra\includes\widgets\social.php on line 543
[01-May-2023 12:18:12 UTC] PHP Warning:  Trying to access array offset on value of type null in C:\Users\Kamera\Local Sites\cloud-computing\app\public\wp-content\plugins\ocean-extra\includes\widgets\social.php on line 543
[01-May-2023 12:18:12 UTC] PHP Warning:  Undefined array key "vimeo-square" in C:\Users\Kamera\Local Sites\cloud-computing\app\public\wp-content\plugins\ocean-extra\includes\widgets\social.php on line 543
[01-May-2023 12:18:12 UTC] PHP Warning:  Trying to access array offset on value of type null in C:\Users\Kamera\Local Sites\cloud-computing\app\public\wp-content\plugins\ocean-extra\includes\widgets\social.php on line 543
[01-May-2023 12:18:13 UTC] PHP Warning:  Attempt to read property "post_status" on null in C:\Users\Kamera\Local Sites\cloud-computing\app\public\wp-content\plugins\elementor\core\base\document.php on line 1711
[01-May-2023 12:18:13 UTC] PHP Warning:  Attempt to read property "post_status" on null in C:\Users\Kamera\Local Sites\cloud-computing\app\public\wp-content\plugins\elementor\core\base\document.php on line 1720
[01-May-2023 12:18:13 UTC] PHP Warning:  Attempt to read property "post_status" on null in C:\Users\Kamera\Local Sites\cloud-computing\app\public\wp-content\plugins\elementor\core\kits\manager.php on line 280
[01-May-2023 12:18:33 UTC] PHP Warning:  Undefined array key "google-plus" in C:\Users\Kamera\Local Sites\cloud-computing\app\public\wp-content\plugins\ocean-extra\includes\widgets\social.php on line 543
[01-May-2023 12:18:33 UTC] PHP Warning:  Trying to access array offset on value of type null in C:\Users\Kamera\Local Sites\cloud-computing\app\public\wp-content\plugins\ocean-extra\includes\widgets\social.php on line 543
[01-May-2023 12:18:33 UTC] PHP Warning:  Undefined array key "vimeo-square" in C:\Users\Kamera\Local Sites\cloud-computing\app\public\wp-content\plugins\ocean-extra\includes\widgets\social.php on line 543
[01-May-2023 12:18:33 UTC] PHP Warning:  Trying to access array offset on value of type null in C:\Users\Kamera\Local Sites\cloud-computing\app\public\wp-content\plugins\ocean-extra\includes\widgets\social.php on line 543
[01-May-2023 12:18:34 UTC] PHP Warning:  Attempt to read property "post_status" on null in C:\Users\Kamera\Local Sites\cloud-computing\app\public\wp-content\plugins\elementor\core\base\document.php on line 1711
[01-May-2023 12:18:34 UTC] PHP Warning:  Attempt to read property "post_status" on null in C:\Users\Kamera\Local Sites\cloud-computing\app\public\wp-content\plugins\elementor\core\base\document.php on line 1720
[01-May-2023 12:18:34 UTC] PHP Warning:  Attempt to read property "post_status" on null in C:\Users\Kamera\Local Sites\cloud-computing\app\public\wp-content\plugins\elementor\core\kits\manager.php on line 280
[01-May-2023 12:18:38 UTC] PHP Warning:  Undefined array key "google-plus" in C:\Users\Kamera\Local Sites\cloud-computing\app\public\wp-content\plugins\ocean-extra\includes\widgets\social.php on line 543
[01-May-2023 12:18:38 UTC] PHP Warning:  Trying to access array offset on value of type null in C:\Users\Kamera\Local Sites\cloud-computing\app\public\wp-content\plugins\ocean-extra\includes\widgets\social.php on line 543
[01-May-2023 12:18:38 UTC] PHP Warning:  Undefined array key "vimeo-square" in C:\Users\Kamera\Local Sites\cloud-computing\app\public\wp-content\plugins\ocean-extra\includes\widgets\social.php on line 543
[01-May-2023 12:18:38 UTC] PHP Warning:  Trying to access array offset on value of type null in C:\Users\Kamera\Local Sites\cloud-computing\app\public\wp-content\plugins\ocean-extra\includes\widgets\social.php on line 543
[01-May-2023 12:18:38 UTC] PHP Warning:  Undefined array key "google-plus" in C:\Users\Kamera\Local Sites\cloud-computing\app\public\wp-content\plugins\ocean-extra\includes\widgets\social.php on line 543
[01-May-2023 12:18:38 UTC] PHP Warning:  Trying to access array offset on value of type null in C:\Users\Kamera\Local Sites\cloud-computing\app\public\wp-content\plugins\ocean-extra\includes\widgets\social.php on line 543
[01-May-2023 12:18:38 UTC] PHP Warning:  Undefined array key "vimeo-square" in C:\Users\Kamera\Local Sites\cloud-computing\app\public\wp-content\plugins\ocean-extra\includes\widgets\social.php on line 543
[01-May-2023 12:18:38 UTC] PHP Warning:  Trying to access array offset on value of type null in C:\Users\Kamera\Local Sites\cloud-computing\app\public\wp-content\plugins\ocean-extra\includes\widgets\social.php on line 543
[01-May-2023 12:18:38 UTC] PHP Warning:  Attempt to read property "post_status" on null in C:\Users\Kamera\Local Sites\cloud-computing\app\public\wp-content\plugins\elementor\core\base\document.php on line 1711
[01-May-2023 12:18:38 UTC] PHP Warning:  Attempt to read property "post_status" on null in C:\Users\Kamera\Local Sites\cloud-computing\app\public\wp-content\plugins\elementor\core\base\document.php on line 1720
[01-May-2023 12:18:38 UTC] PHP Warning:  Attempt to read property "post_status" on null in C:\Users\Kamera\Local Sites\cloud-computing\app\public\wp-content\plugins\elementor\core\kits\manager.php on line 280
[01-May-2023 12:18:38 UTC] PHP Warning:  Attempt to read property "post_status" on null in C:\Users\Kamera\Local Sites\cloud-computing\app\public\wp-content\plugins\elementor\core\base\document.php on line 1711
[01-May-2023 12:18:38 UTC] PHP Warning:  Attempt to read property "post_status" on null in C:\Users\Kamera\Local Sites\cloud-computing\app\public\wp-content\plugins\elementor\core\base\document.php on line 1720
[01-May-2023 12:18:38 UTC] PHP Warning:  Attempt to read property "post_status" on null in C:\Users\Kamera\Local Sites\cloud-computing\app\public\wp-content\plugins\elementor\core\kits\manager.php on line 280
[01-May-2023 12:18:39 UTC] PHP Warning:  Undefined array key "google-plus" in C:\Users\Kamera\Local Sites\cloud-computing\app\public\wp-content\plugins\ocean-extra\includes\widgets\social.php on line 543
[01-May-2023 12:18:39 UTC] PHP Warning:  Trying to access array offset on value of type null in C:\Users\Kamera\Local Sites\cloud-computing\app\public\wp-content\plugins\ocean-extra\includes\widgets\social.php on line 543
[01-May-2023 12:18:39 UTC] PHP Warning:  Undefined array key "vimeo-square" in C:\Users\Kamera\Local Sites\cloud-computing\app\public\wp-content\plugins\ocean-extra\includes\widgets\social.php on line 543
[01-May-2023 12:18:39 UTC] PHP Warning:  Trying to access array offset on value of type null in C:\Users\Kamera\Local Sites\cloud-computing\app\public\wp-content\plugins\ocean-extra\includes\widgets\social.php on line 543
[01-May-2023 12:18:40 UTC] PHP Warning:  Attempt to read property "post_status" on null in C:\Users\Kamera\Local Sites\cloud-computing\app\public\wp-content\plugins\elementor\core\base\document.php on line 1711
[01-May-2023 12:18:40 UTC] PHP Warning:  Attempt to read property "post_status" on null in C:\Users\Kamera\Local Sites\cloud-computing\app\public\wp-content\plugins\elementor\core\base\document.php on line 1720
[01-May-2023 12:18:40 UTC] PHP Warning:  Attempt to read property "post_status" on null in C:\Users\Kamera\Local Sites\cloud-computing\app\public\wp-content\plugins\elementor\core\kits\manager.php on line 280
[01-May-2023 12:18:40 UTC] PHP Warning:  Undefined array key "google-plus" in C:\Users\Kamera\Local Sites\cloud-computing\app\public\wp-content\plugins\ocean-extra\includes\widgets\social.php on line 543
[01-May-2023 12:18:40 UTC] PHP Warning:  Trying to access array offset on value of type null in C:\Users\Kamera\Local Sites\cloud-computing\app\public\wp-content\plugins\ocean-extra\includes\widgets\social.php on line 543
[01-May-2023 12:18:40 UTC] PHP Warning:  Undefined array key "vimeo-square" in C:\Users\Kamera\Local Sites\cloud-computing\app\public\wp-content\plugins\ocean-extra\includes\widgets\social.php on line 543
[01-May-2023 12:18:40 UTC] PHP Warning:  Trying to access array offset on value of type null in C:\Users\Kamera\Local Sites\cloud-computing\app\public\wp-content\plugins\ocean-extra\includes\widgets\social.php on line 543
[01-May-2023 12:18:41 UTC] PHP Warning:  Attempt to read property "post_status" on null in C:\Users\Kamera\Local Sites\cloud-computing\app\public\wp-content\plugins\elementor\core\base\document.php on line 1711
[01-May-2023 12:18:41 UTC] PHP Warning:  Attempt to read property "post_status" on null in C:\Users\Kamera\Local Sites\cloud-computing\app\public\wp-content\plugins\elementor\core\base\document.php on line 1720
[01-May-2023 12:18:41 UTC] PHP Warning:  Attempt to read property "post_status" on null in C:\Users\Kamera\Local Sites\cloud-computing\app\public\wp-content\plugins\elementor\core\kits\manager.php on line 280
[01-May-2023 12:18:43 UTC] PHP Warning:  Undefined array key "google-plus" in C:\Users\Kamera\Local Sites\cloud-computing\app\public\wp-content\plugins\ocean-extra\includes\widgets\social.php on line 543
[01-May-2023 12:18:43 UTC] PHP Warning:  Trying to access array offset on value of type null in C:\Users\Kamera\Local Sites\cloud-computing\app\public\wp-content\plugins\ocean-extra\includes\widgets\social.php on line 543
[01-May-2023 12:18:43 UTC] PHP Warning:  Undefined array key "vimeo-square" in C:\Users\Kamera\Local Sites\cloud-computing\app\public\wp-content\plugins\ocean-extra\includes\widgets\social.php on line 543
[01-May-2023 12:18:43 UTC] PHP Warning:  Trying to access array offset on value of type null in C:\Users\Kamera\Local Sites\cloud-computing\app\public\wp-content\plugins\ocean-extra\includes\widgets\social.php on line 543
[01-May-2023 12:18:43 UTC] PHP Warning:  Attempt to read property "post_status" on null in C:\Users\Kamera\Local Sites\cloud-computing\app\public\wp-content\plugins\elementor\core\base\document.php on line 1711
[01-May-2023 12:18:43 UTC] PHP Warning:  Attempt to read property "post_status" on null in C:\Users\Kamera\Local Sites\cloud-computing\app\public\wp-content\plugins\elementor\core\base\document.php on line 1720
[01-May-2023 12:18:43 UTC] PHP Warning:  Attempt to read property "post_status" on null in C:\Users\Kamera\Local Sites\cloud-computing\app\public\wp-content\plugins\elementor\core\kits\manager.php on line 280
[01-May-2023 12:18:44 UTC] PHP Warning:  Undefined array key "google-plus" in C:\Users\Kamera\Local Sites\cloud-computing\app\public\wp-content\plugins\ocean-extra\includes\widgets\social.php on line 543
[01-May-2023 12:18:44 UTC] PHP Warning:  Trying to access array offset on value of type null in C:\Users\Kamera\Local Sites\cloud-computing\app\public\wp-content\plugins\ocean-extra\includes\widgets\social.php on line 543
[01-May-2023 12:18:44 UTC] PHP Warning:  Undefined array key "vimeo-square" in C:\Users\Kamera\Local Sites\cloud-computing\app\public\wp-content\plugins\ocean-extra\includes\widgets\social.php on line 543
[01-May-2023 12:18:44 UTC] PHP Warning:  Trying to access array offset on value of type null in C:\Users\Kamera\Local Sites\cloud-computing\app\public\wp-content\plugins\ocean-extra\includes\widgets\social.php on line 543
[01-May-2023 12:18:44 UTC] PHP Warning:  Attempt to read property "post_status" on null in C:\Users\Kamera\Local Sites\cloud-computing\app\public\wp-content\plugins\elementor\core\base\document.php on line 1711
[01-May-2023 12:18:44 UTC] PHP Warning:  Attempt to read property "post_status" on null in C:\Users\Kamera\Local Sites\cloud-computing\app\public\wp-content\plugins\elementor\core\base\document.php on line 1720
[01-May-2023 12:18:44 UTC] PHP Warning:  Attempt to read property "post_status" on null in C:\Users\Kamera\Local Sites\cloud-computing\app\public\wp-content\plugins\elementor\core\kits\manager.php on line 280
[01-May-2023 12:18:45 UTC] PHP Warning:  Undefined array key "google-plus" in C:\Users\Kamera\Local Sites\cloud-computing\app\public\wp-content\plugins\ocean-extra\includes\widgets\social.php on line 543
[01-May-2023 12:18:45 UTC] PHP Warning:  Trying to access array offset on value of type null in C:\Users\Kamera\Local Sites\cloud-computing\app\public\wp-content\plugins\ocean-extra\includes\widgets\social.php on line 543
[01-May-2023 12:18:45 UTC] PHP Warning:  Undefined array key "vimeo-square" in C:\Users\Kamera\Local Sites\cloud-computing\app\public\wp-content\plugins\ocean-extra\includes\widgets\social.php on line 543
[01-May-2023 12:18:45 UTC] PHP Warning:  Trying to access array offset on value of type null in C:\Users\Kamera\Local Sites\cloud-computing\app\public\wp-content\plugins\ocean-extra\includes\widgets\social.php on line 543
[01-May-2023 12:18:45 UTC] PHP Warning:  Attempt to read property "post_status" on null in C:\Users\Kamera\Local Sites\cloud-computing\app\public\wp-content\plugins\elementor\core\base\document.php on line 1711
[01-May-2023 12:18:45 UTC] PHP Warning:  Attempt to read property "post_status" on null in C:\Users\Kamera\Local Sites\cloud-computing\app\public\wp-content\plugins\elementor\core\base\document.php on line 1720
[01-May-2023 12:18:46 UTC] PHP Warning:  Attempt to read property "post_status" on null in C:\Users\Kamera\Local Sites\cloud-computing\app\public\wp-content\plugins\elementor\core\kits\manager.php on line 280
[01-May-2023 12:19:55 UTC] PHP Warning:  Attempt to read property "post_status" on null in C:\Users\Kamera\Local Sites\cloud-computing\app\public\wp-content\plugins\elementor\core\base\document.php on line 1711
[01-May-2023 12:19:55 UTC] PHP Warning:  Attempt to read property "post_status" on null in C:\Users\Kamera\Local Sites\cloud-computing\app\public\wp-content\plugins\elementor\core\base\document.php on line 1720
[01-May-2023 12:19:55 UTC] PHP Warning:  Attempt to read property "post_status" on null in C:\Users\Kamera\Local Sites\cloud-computing\app\public\wp-content\plugins\elementor\core\kits\manager.php on line 280
[01-May-2023 12:20:01 UTC] PHP Warning:  Attempt to read property "post_status" on null in C:\Users\Kamera\Local Sites\cloud-computing\app\public\wp-content\plugins\elementor\core\base\document.php on line 1711
[01-May-2023 12:20:01 UTC] PHP Warning:  Attempt to read property "post_status" on null in C:\Users\Kamera\Local Sites\cloud-computing\app\public\wp-content\plugins\elementor\core\base\document.php on line 1720
[01-May-2023 12:20:01 UTC] PHP Warning:  Attempt to read property "post_status" on null in C:\Users\Kamera\Local Sites\cloud-computing\app\public\wp-content\plugins\elementor\core\kits\manager.php on line 280
[01-May-2023 12:20:19 UTC] PHP Warning:  Attempt to read property "post_status" on null in C:\Users\Kamera\Local Sites\cloud-computing\app\public\wp-content\plugins\elementor\core\base\document.php on line 1711
[01-May-2023 12:20:19 UTC] PHP Warning:  Attempt to read property "post_status" on null in C:\Users\Kamera\Local Sites\cloud-computing\app\public\wp-content\plugins\elementor\core\base\document.php on line 1720
[01-May-2023 12:20:19 UTC] PHP Warning:  Attempt to read property "post_status" on null in C:\Users\Kamera\Local Sites\cloud-computing\app\public\wp-content\plugins\elementor\core\kits\manager.php on line 280
[01-May-2023 12:20:24 UTC] PHP Warning:  Attempt to read property "post_status" on null in C:\Users\Kamera\Local Sites\cloud-computing\app\public\wp-content\plugins\elementor\core\base\document.php on line 1711
[01-May-2023 12:20:24 UTC] PHP Warning:  Attempt to read property "post_status" on null in C:\Users\Kamera\Local Sites\cloud-computing\app\public\wp-content\plugins\elementor\core\base\document.php on line 1720
[01-May-2023 12:20:24 UTC] PHP Warning:  Attempt to read property "post_status" on null in C:\Users\Kamera\Local Sites\cloud-computing\app\public\wp-content\plugins\elementor\core\kits\manager.php on line 280
[01-May-2023 12:21:00 UTC] PHP Warning:  Attempt to read property "post_status" on null in C:\Users\Kamera\Local Sites\cloud-computing\app\public\wp-content\plugins\elementor\core\base\document.php on line 1711
[01-May-2023 12:21:00 UTC] PHP Warning:  Attempt to read property "post_status" on null in C:\Users\Kamera\Local Sites\cloud-computing\app\public\wp-content\plugins\elementor\core\base\document.php on line 1720
[01-May-2023 12:21:00 UTC] PHP Warning:  Attempt to read property "post_status" on null in C:\Users\Kamera\Local Sites\cloud-computing\app\public\wp-content\plugins\elementor\core\kits\manager.php on line 280
[01-May-2023 12:21:20 UTC] PHP Warning:  Attempt to read property "post_status" on null in C:\Users\Kamera\Local Sites\cloud-computing\app\public\wp-content\plugins\elementor\core\base\document.php on line 1711
[01-May-2023 12:21:20 UTC] PHP Warning:  Attempt to read property "post_status" on null in C:\Users\Kamera\Local Sites\cloud-computing\app\public\wp-content\plugins\elementor\core\base\document.php on line 1720
[01-May-2023 12:21:20 UTC] PHP Warning:  Attempt to read property "post_status" on null in C:\Users\Kamera\Local Sites\cloud-computing\app\public\wp-content\plugins\elementor\core\kits\manager.php on line 280
[01-May-2023 14:59:33 UTC] PHP Warning:  Undefined array key "google-plus" in C:\Users\Kamera\Local Sites\cloud-computing\app\public\wp-content\plugins\ocean-extra\includes\widgets\social.php on line 543
[01-May-2023 14:59:33 UTC] PHP Warning:  Trying to access array offset on value of type null in C:\Users\Kamera\Local Sites\cloud-computing\app\public\wp-content\plugins\ocean-extra\includes\widgets\social.php on line 543
[01-May-2023 14:59:33 UTC] PHP Warning:  Undefined array key "vimeo-square" in C:\Users\Kamera\Local Sites\cloud-computing\app\public\wp-content\plugins\ocean-extra\includes\widgets\social.php on line 543
[01-May-2023 14:59:33 UTC] PHP Warning:  Trying to access array offset on value of type null in C:\Users\Kamera\Local Sites\cloud-computing\app\public\wp-content\plugins\ocean-extra\includes\widgets\social.php on line 543
[01-May-2023 15:04:37 UTC] PHP Warning:  Undefined array key "google-plus" in C:\Users\Kamera\Local Sites\cloud-computing\app\public\wp-content\plugins\ocean-extra\includes\widgets\social.php on line 543
[01-May-2023 15:04:37 UTC] PHP Warning:  Trying to access array offset on value of type null in C:\Users\Kamera\Local Sites\cloud-computing\app\public\wp-content\plugins\ocean-extra\includes\widgets\social.php on line 543
[01-May-2023 15:04:37 UTC] PHP Warning:  Undefined array key "vimeo-square" in C:\Users\Kamera\Local Sites\cloud-computing\app\public\wp-content\plugins\ocean-extra\includes\widgets\social.php on line 543
[01-May-2023 15:04:37 UTC] PHP Warning:  Trying to access array offset on value of type null in C:\Users\Kamera\Local Sites\cloud-computing\app\public\wp-content\plugins\ocean-extra\includes\widgets\social.php on line 543
[01-May-2023 15:04:38 UTC] PHP Warning:  Undefined array key "google-plus" in C:\Users\Kamera\Local Sites\cloud-computing\app\public\wp-content\plugins\ocean-extra\includes\widgets\social.php on line 543
[01-May-2023 15:04:38 UTC] PHP Warning:  Trying to access array offset on value of type null in C:\Users\Kamera\Local Sites\cloud-computing\app\public\wp-content\plugins\ocean-extra\includes\widgets\social.php on line 543
[01-May-2023 15:04:38 UTC] PHP Warning:  Undefined array key "vimeo-square" in C:\Users\Kamera\Local Sites\cloud-computing\app\public\wp-content\plugins\ocean-extra\includes\widgets\social.php on line 543
[01-May-2023 15:04:38 UTC] PHP Warning:  Trying to access array offset on value of type null in C:\Users\Kamera\Local Sites\cloud-computing\app\public\wp-content\plugins\ocean-extra\includes\widgets\social.php on line 543
[01-May-2023 15:04:38 UTC] PHP Warning:  Undefined array key "google-plus" in C:\Users\Kamera\Local Sites\cloud-computing\app\public\wp-content\plugins\ocean-extra\includes\widgets\social.php on line 543
[01-May-2023 15:04:38 UTC] PHP Warning:  Trying to access array offset on value of type null in C:\Users\Kamera\Local Sites\cloud-computing\app\public\wp-content\plugins\ocean-extra\includes\widgets\social.php on line 543
[01-May-2023 15:04:38 UTC] PHP Warning:  Undefined array key "vimeo-square" in C:\Users\Kamera\Local Sites\cloud-computing\app\public\wp-content\plugins\ocean-extra\includes\widgets\social.php on line 543
[01-May-2023 15:04:38 UTC] PHP Warning:  Trying to access array offset on value of type null in C:\Users\Kamera\Local Sites\cloud-computing\app\public\wp-content\plugins\ocean-extra\includes\widgets\social.php on line 543
[01-May-2023 15:04:40 UTC] PHP Warning:  Undefined array key "google-plus" in C:\Users\Kamera\Local Sites\cloud-computing\app\public\wp-content\plugins\ocean-extra\includes\widgets\social.php on line 543
[01-May-2023 15:04:40 UTC] PHP Warning:  Trying to access array offset on value of type null in C:\Users\Kamera\Local Sites\cloud-computing\app\public\wp-content\plugins\ocean-extra\includes\widgets\social.php on line 543
[01-May-2023 15:04:40 UTC] PHP Warning:  Undefined array key "vimeo-square" in C:\Users\Kamera\Local Sites\cloud-computing\app\public\wp-content\plugins\ocean-extra\includes\widgets\social.php on line 543
[01-May-2023 15:04:40 UTC] PHP Warning:  Trying to access array offset on value of type null in C:\Users\Kamera\Local Sites\cloud-computing\app\public\wp-content\plugins\ocean-extra\includes\widgets\social.php on line 543
[01-May-2023 15:04:40 UTC] PHP Warning:  Undefined array key "google-plus" in C:\Users\Kamera\Local Sites\cloud-computing\app\public\wp-content\plugins\ocean-extra\includes\widgets\social.php on line 543
[01-May-2023 15:04:40 UTC] PHP Warning:  Trying to access array offset on value of type null in C:\Users\Kamera\Local Sites\cloud-computing\app\public\wp-content\plugins\ocean-extra\includes\widgets\social.php on line 543
[01-May-2023 15:04:40 UTC] PHP Warning:  Undefined array key "vimeo-square" in C:\Users\Kamera\Local Sites\cloud-computing\app\public\wp-content\plugins\ocean-extra\includes\widgets\social.php on line 543
[01-May-2023 15:04:40 UTC] PHP Warning:  Trying to access array offset on value of type null in C:\Users\Kamera\Local Sites\cloud-computing\app\public\wp-content\plugins\ocean-extra\includes\widgets\social.php on line 543
[01-May-2023 15:04:41 UTC] PHP Warning:  Undefined array key "google-plus" in C:\Users\Kamera\Local Sites\cloud-computing\app\public\wp-content\plugins\ocean-extra\includes\widgets\social.php on line 543
[01-May-2023 15:04:41 UTC] PHP Warning:  Trying to access array offset on value of type null in C:\Users\Kamera\Local Sites\cloud-computing\app\public\wp-content\plugins\ocean-extra\includes\widgets\social.php on line 543
[01-May-2023 15:04:41 UTC] PHP Warning:  Undefined array key "vimeo-square" in C:\Users\Kamera\Local Sites\cloud-computing\app\public\wp-content\plugins\ocean-extra\includes\widgets\social.php on line 543
[01-May-2023 15:04:41 UTC] PHP Warning:  Trying to access array offset on value of type null in C:\Users\Kamera\Local Sites\cloud-computing\app\public\wp-content\plugins\ocean-extra\includes\widgets\social.php on line 543
[01-May-2023 15:04:43 UTC] PHP Warning:  Undefined array key "google-plus" in C:\Users\Kamera\Local Sites\cloud-computing\app\public\wp-content\plugins\ocean-extra\includes\widgets\social.php on line 543
[01-May-2023 15:04:43 UTC] PHP Warning:  Trying to access array offset on value of type null in C:\Users\Kamera\Local Sites\cloud-computing\app\public\wp-content\plugins\ocean-extra\includes\widgets\social.php on line 543
[01-May-2023 15:04:43 UTC] PHP Warning:  Undefined array key "vimeo-square" in C:\Users\Kamera\Local Sites\cloud-computing\app\public\wp-content\plugins\ocean-extra\includes\widgets\social.php on line 543
[01-May-2023 15:04:43 UTC] PHP Warning:  Trying to access array offset on value of type null in C:\Users\Kamera\Local Sites\cloud-computing\app\public\wp-content\plugins\ocean-extra\includes\widgets\social.php on line 543
[01-May-2023 15:04:43 UTC] PHP Warning:  Undefined array key "google-plus" in C:\Users\Kamera\Local Sites\cloud-computing\app\public\wp-content\plugins\ocean-extra\includes\widgets\social.php on line 543
[01-May-2023 15:04:43 UTC] PHP Warning:  Trying to access array offset on value of type null in C:\Users\Kamera\Local Sites\cloud-computing\app\public\wp-content\plugins\ocean-extra\includes\widgets\social.php on line 543
[01-May-2023 15:04:43 UTC] PHP Warning:  Undefined array key "vimeo-square" in C:\Users\Kamera\Local Sites\cloud-computing\app\public\wp-content\plugins\ocean-extra\includes\widgets\social.php on line 543
[01-May-2023 15:04:43 UTC] PHP Warning:  Trying to access array offset on value of type null in C:\Users\Kamera\Local Sites\cloud-computing\app\public\wp-content\plugins\ocean-extra\includes\widgets\social.php on line 543
[01-May-2023 15:04:44 UTC] PHP Warning:  Undefined array key "google-plus" in C:\Users\Kamera\Local Sites\cloud-computing\app\public\wp-content\plugins\ocean-extra\includes\widgets\social.php on line 543
[01-May-2023 15:04:44 UTC] PHP Warning:  Trying to access array offset on value of type null in C:\Users\Kamera\Local Sites\cloud-computing\app\public\wp-content\plugins\ocean-extra\includes\widgets\social.php on line 543
[01-May-2023 15:04:44 UTC] PHP Warning:  Undefined array key "vimeo-square" in C:\Users\Kamera\Local Sites\cloud-computing\app\public\wp-content\plugins\ocean-extra\includes\widgets\social.php on line 543
[01-May-2023 15:04:44 UTC] PHP Warning:  Trying to access array offset on value of type null in C:\Users\Kamera\Local Sites\cloud-computing\app\public\wp-content\plugins\ocean-extra\includes\widgets\social.php on line 543
[01-May-2023 15:04:44 UTC] PHP Warning:  Undefined array key "google-plus" in C:\Users\Kamera\Local Sites\cloud-computing\app\public\wp-content\plugins\ocean-extra\includes\widgets\social.php on line 543
[01-May-2023 15:04:44 UTC] PHP Warning:  Trying to access array offset on value of type null in C:\Users\Kamera\Local Sites\cloud-computing\app\public\wp-content\plugins\ocean-extra\includes\widgets\social.php on line 543
[01-May-2023 15:04:44 UTC] PHP Warning:  Undefined array key "vimeo-square" in C:\Users\Kamera\Local Sites\cloud-computing\app\public\wp-content\plugins\ocean-extra\includes\widgets\social.php on line 543
[01-May-2023 15:04:44 UTC] PHP Warning:  Trying to access array offset on value of type null in C:\Users\Kamera\Local Sites\cloud-computing\app\public\wp-content\plugins\ocean-extra\includes\widgets\social.php on line 543
[01-May-2023 15:04:44 UTC] PHP Warning:  Undefined array key "google-plus" in C:\Users\Kamera\Local Sites\cloud-computing\app\public\wp-content\plugins\ocean-extra\includes\widgets\social.php on line 543
[01-May-2023 15:04:44 UTC] PHP Warning:  Trying to access array offset on value of type null in C:\Users\Kamera\Local Sites\cloud-computing\app\public\wp-content\plugins\ocean-extra\includes\widgets\social.php on line 543
[01-May-2023 15:04:44 UTC] PHP Warning:  Undefined array key "vimeo-square" in C:\Users\Kamera\Local Sites\cloud-computing\app\public\wp-content\plugins\ocean-extra\includes\widgets\social.php on line 543
[01-May-2023 15:04:44 UTC] PHP Warning:  Trying to access array offset on value of type null in C:\Users\Kamera\Local Sites\cloud-computing\app\public\wp-content\plugins\ocean-extra\includes\widgets\social.php on line 543
[01-May-2023 15:04:55 UTC] PHP Warning:  Undefined array key "google-plus" in C:\Users\Kamera\Local Sites\cloud-computing\app\public\wp-content\plugins\ocean-extra\includes\widgets\social.php on line 543
[01-May-2023 15:04:55 UTC] PHP Warning:  Trying to access array offset on value of type null in C:\Users\Kamera\Local Sites\cloud-computing\app\public\wp-content\plugins\ocean-extra\includes\widgets\social.php on line 543
[01-May-2023 15:04:55 UTC] PHP Warning:  Undefined array key "vimeo-square" in C:\Users\Kamera\Local Sites\cloud-computing\app\public\wp-content\plugins\ocean-extra\includes\widgets\social.php on line 543
[01-May-2023 15:04:55 UTC] PHP Warning:  Trying to access array offset on value of type null in C:\Users\Kamera\Local Sites\cloud-computing\app\public\wp-content\plugins\ocean-extra\includes\widgets\social.php on line 543
[01-May-2023 15:05:02 UTC] PHP Warning:  Undefined array key "google-plus" in C:\Users\Kamera\Local Sites\cloud-computing\app\public\wp-content\plugins\ocean-extra\includes\widgets\social.php on line 543
[01-May-2023 15:05:02 UTC] PHP Warning:  Trying to access array offset on value of type null in C:\Users\Kamera\Local Sites\cloud-computing\app\public\wp-content\plugins\ocean-extra\includes\widgets\social.php on line 543
[01-May-2023 15:05:02 UTC] PHP Warning:  Undefined array key "vimeo-square" in C:\Users\Kamera\Local Sites\cloud-computing\app\public\wp-content\plugins\ocean-extra\includes\widgets\social.php on line 543
[01-May-2023 15:05:02 UTC] PHP Warning:  Trying to access array offset on value of type null in C:\Users\Kamera\Local Sites\cloud-computing\app\public\wp-content\plugins\ocean-extra\includes\widgets\social.php on line 543
[01-May-2023 15:05:04 UTC] PHP Warning:  Undefined array key "google-plus" in C:\Users\Kamera\Local Sites\cloud-computing\app\public\wp-content\plugins\ocean-extra\includes\widgets\social.php on line 543
[01-May-2023 15:05:04 UTC] PHP Warning:  Trying to access array offset on value of type null in C:\Users\Kamera\Local Sites\cloud-computing\app\public\wp-content\plugins\ocean-extra\includes\widgets\social.php on line 543
[01-May-2023 15:05:04 UTC] PHP Warning:  Undefined array key "vimeo-square" in C:\Users\Kamera\Local Sites\cloud-computing\app\public\wp-content\plugins\ocean-extra\includes\widgets\social.php on line 543
[01-May-2023 15:05:04 UTC] PHP Warning:  Trying to access array offset on value of type null in C:\Users\Kamera\Local Sites\cloud-computing\app\public\wp-content\plugins\ocean-extra\includes\widgets\social.php on line 543
[01-May-2023 15:05:11 UTC] PHP Warning:  Undefined array key "google-plus" in C:\Users\Kamera\Local Sites\cloud-computing\app\public\wp-content\plugins\ocean-extra\includes\widgets\social.php on line 543
[01-May-2023 15:05:11 UTC] PHP Warning:  Trying to access array offset on value of type null in C:\Users\Kamera\Local Sites\cloud-computing\app\public\wp-content\plugins\ocean-extra\includes\widgets\social.php on line 543
[01-May-2023 15:05:11 UTC] PHP Warning:  Undefined array key "vimeo-square" in C:\Users\Kamera\Local Sites\cloud-computing\app\public\wp-content\plugins\ocean-extra\includes\widgets\social.php on line 543
[01-May-2023 15:05:11 UTC] PHP Warning:  Trying to access array offset on value of type null in C:\Users\Kamera\Local Sites\cloud-computing\app\public\wp-content\plugins\ocean-extra\includes\widgets\social.php on line 543
[01-May-2023 15:05:13 UTC] PHP Warning:  Undefined array key "google-plus" in C:\Users\Kamera\Local Sites\cloud-computing\app\public\wp-content\plugins\ocean-extra\includes\widgets\social.php on line 543
[01-May-2023 15:05:13 UTC] PHP Warning:  Trying to access array offset on value of type null in C:\Users\Kamera\Local Sites\cloud-computing\app\public\wp-content\plugins\ocean-extra\includes\widgets\social.php on line 543
[01-May-2023 15:05:13 UTC] PHP Warning:  Undefined array key "vimeo-square" in C:\Users\Kamera\Local Sites\cloud-computing\app\public\wp-content\plugins\ocean-extra\includes\widgets\social.php on line 543
[01-May-2023 15:05:13 UTC] PHP Warning:  Trying to access array offset on value of type null in C:\Users\Kamera\Local Sites\cloud-computing\app\public\wp-content\plugins\ocean-extra\includes\widgets\social.php on line 543
[01-May-2023 15:05:23 UTC] PHP Warning:  Undefined array key "google-plus" in C:\Users\Kamera\Local Sites\cloud-computing\app\public\wp-content\plugins\ocean-extra\includes\widgets\social.php on line 543
[01-May-2023 15:05:23 UTC] PHP Warning:  Trying to access array offset on value of type null in C:\Users\Kamera\Local Sites\cloud-computing\app\public\wp-content\plugins\ocean-extra\includes\widgets\social.php on line 543
[01-May-2023 15:05:23 UTC] PHP Warning:  Undefined array key "vimeo-square" in C:\Users\Kamera\Local Sites\cloud-computing\app\public\wp-content\plugins\ocean-extra\includes\widgets\social.php on line 543
[01-May-2023 15:05:23 UTC] PHP Warning:  Trying to access array offset on value of type null in C:\Users\Kamera\Local Sites\cloud-computing\app\public\wp-content\plugins\ocean-extra\includes\widgets\social.php on line 543
[01-May-2023 15:05:25 UTC] PHP Warning:  Undefined array key "google-plus" in C:\Users\Kamera\Local Sites\cloud-computing\app\public\wp-content\plugins\ocean-extra\includes\widgets\social.php on line 543
[01-May-2023 15:05:25 UTC] PHP Warning:  Trying to access array offset on value of type null in C:\Users\Kamera\Local Sites\cloud-computing\app\public\wp-content\plugins\ocean-extra\includes\widgets\social.php on line 543
[01-May-2023 15:05:25 UTC] PHP Warning:  Undefined array key "vimeo-square" in C:\Users\Kamera\Local Sites\cloud-computing\app\public\wp-content\plugins\ocean-extra\includes\widgets\social.php on line 543
[01-May-2023 15:05:25 UTC] PHP Warning:  Trying to access array offset on value of type null in C:\Users\Kamera\Local Sites\cloud-computing\app\public\wp-content\plugins\ocean-extra\includes\widgets\social.php on line 543
[01-May-2023 15:05:33 UTC] PHP Warning:  Undefined array key "google-plus" in C:\Users\Kamera\Local Sites\cloud-computing\app\public\wp-content\plugins\ocean-extra\includes\widgets\social.php on line 543
[01-May-2023 15:05:33 UTC] PHP Warning:  Trying to access array offset on value of type null in C:\Users\Kamera\Local Sites\cloud-computing\app\public\wp-content\plugins\ocean-extra\includes\widgets\social.php on line 543
[01-May-2023 15:05:33 UTC] PHP Warning:  Undefined array key "vimeo-square" in C:\Users\Kamera\Local Sites\cloud-computing\app\public\wp-content\plugins\ocean-extra\includes\widgets\social.php on line 543
[01-May-2023 15:05:33 UTC] PHP Warning:  Trying to access array offset on value of type null in C:\Users\Kamera\Local Sites\cloud-computing\app\public\wp-content\plugins\ocean-extra\includes\widgets\social.php on line 543
[01-May-2023 15:05:37 UTC] PHP Warning:  Undefined array key "google-plus" in C:\Users\Kamera\Local Sites\cloud-computing\app\public\wp-content\plugins\ocean-extra\includes\widgets\social.php on line 543
[01-May-2023 15:05:37 UTC] PHP Warning:  Trying to access array offset on value of type null in C:\Users\Kamera\Local Sites\cloud-computing\app\public\wp-content\plugins\ocean-extra\includes\widgets\social.php on line 543
[01-May-2023 15:05:37 UTC] PHP Warning:  Undefined array key "vimeo-square" in C:\Users\Kamera\Local Sites\cloud-computing\app\public\wp-content\plugins\ocean-extra\includes\widgets\social.php on line 543
[01-May-2023 15:05:37 UTC] PHP Warning:  Trying to access array offset on value of type null in C:\Users\Kamera\Local Sites\cloud-computing\app\public\wp-content\plugins\ocean-extra\includes\widgets\social.php on line 543
[01-May-2023 15:05:38 UTC] PHP Warning:  Undefined array key "google-plus" in C:\Users\Kamera\Local Sites\cloud-computing\app\public\wp-content\plugins\ocean-extra\includes\widgets\social.php on line 543
[01-May-2023 15:05:38 UTC] PHP Warning:  Trying to access array offset on value of type null in C:\Users\Kamera\Local Sites\cloud-computing\app\public\wp-content\plugins\ocean-extra\includes\widgets\social.php on line 543
[01-May-2023 15:05:38 UTC] PHP Warning:  Undefined array key "vimeo-square" in C:\Users\Kamera\Local Sites\cloud-computing\app\public\wp-content\plugins\ocean-extra\includes\widgets\social.php on line 543
[01-May-2023 15:05:38 UTC] PHP Warning:  Trying to access array offset on value of type null in C:\Users\Kamera\Local Sites\cloud-computing\app\public\wp-content\plugins\ocean-extra\includes\widgets\social.php on line 543
[01-May-2023 15:05:39 UTC] PHP Warning:  Undefined array key "google-plus" in C:\Users\Kamera\Local Sites\cloud-computing\app\public\wp-content\plugins\ocean-extra\includes\widgets\social.php on line 543
[01-May-2023 15:05:39 UTC] PHP Warning:  Trying to access array offset on value of type null in C:\Users\Kamera\Local Sites\cloud-computing\app\public\wp-content\plugins\ocean-extra\includes\widgets\social.php on line 543
[01-May-2023 15:05:40 UTC] PHP Warning:  Undefined array key "vimeo-square" in C:\Users\Kamera\Local Sites\cloud-computing\app\public\wp-content\plugins\ocean-extra\includes\widgets\social.php on line 543
[01-May-2023 15:05:40 UTC] PHP Warning:  Trying to access array offset on value of type null in C:\Users\Kamera\Local Sites\cloud-computing\app\public\wp-content\plugins\ocean-extra\includes\widgets\social.php on line 543
[01-May-2023 15:05:40 UTC] PHP Warning:  Undefined array key "google-plus" in C:\Users\Kamera\Local Sites\cloud-computing\app\public\wp-content\plugins\ocean-extra\includes\widgets\social.php on line 543
[01-May-2023 15:05:40 UTC] PHP Warning:  Trying to access array offset on value of type null in C:\Users\Kamera\Local Sites\cloud-computing\app\public\wp-content\plugins\ocean-extra\includes\widgets\social.php on line 543
[01-May-2023 15:05:40 UTC] PHP Warning:  Undefined array key "vimeo-square" in C:\Users\Kamera\Local Sites\cloud-computing\app\public\wp-content\plugins\ocean-extra\includes\widgets\social.php on line 543
[01-May-2023 15:05:40 UTC] PHP Warning:  Trying to access array offset on value of type null in C:\Users\Kamera\Local Sites\cloud-computing\app\public\wp-content\plugins\ocean-extra\includes\widgets\social.php on line 543
[01-May-2023 15:05:47 UTC] PHP Warning:  Undefined array key "google-plus" in C:\Users\Kamera\Local Sites\cloud-computing\app\public\wp-content\plugins\ocean-extra\includes\widgets\social.php on line 543
[01-May-2023 15:05:47 UTC] PHP Warning:  Trying to access array offset on value of type null in C:\Users\Kamera\Local Sites\cloud-computing\app\public\wp-content\plugins\ocean-extra\includes\widgets\social.php on line 543
[01-May-2023 15:05:47 UTC] PHP Warning:  Undefined array key "vimeo-square" in C:\Users\Kamera\Local Sites\cloud-computing\app\public\wp-content\plugins\ocean-extra\includes\widgets\social.php on line 543
[01-May-2023 15:05:47 UTC] PHP Warning:  Trying to access array offset on value of type null in C:\Users\Kamera\Local Sites\cloud-computing\app\public\wp-content\plugins\ocean-extra\includes\widgets\social.php on line 543
[01-May-2023 15:05:48 UTC] PHP Warning:  Undefined array key "google-plus" in C:\Users\Kamera\Local Sites\cloud-computing\app\public\wp-content\plugins\ocean-extra\includes\widgets\social.php on line 543
[01-May-2023 15:05:48 UTC] PHP Warning:  Trying to access array offset on value of type null in C:\Users\Kamera\Local Sites\cloud-computing\app\public\wp-content\plugins\ocean-extra\includes\widgets\social.php on line 543
[01-May-2023 15:05:48 UTC] PHP Warning:  Undefined array key "vimeo-square" in C:\Users\Kamera\Local Sites\cloud-computing\app\public\wp-content\plugins\ocean-extra\includes\widgets\social.php on line 543
[01-May-2023 15:05:48 UTC] PHP Warning:  Trying to access array offset on value of type null in C:\Users\Kamera\Local Sites\cloud-computing\app\public\wp-content\plugins\ocean-extra\includes\widgets\social.php on line 543
[01-May-2023 15:05:50 UTC] PHP Warning:  Undefined array key "google-plus" in C:\Users\Kamera\Local Sites\cloud-computing\app\public\wp-content\plugins\ocean-extra\includes\widgets\social.php on line 543
[01-May-2023 15:05:50 UTC] PHP Warning:  Trying to access array offset on value of type null in C:\Users\Kamera\Local Sites\cloud-computing\app\public\wp-content\plugins\ocean-extra\includes\widgets\social.php on line 543
[01-May-2023 15:05:50 UTC] PHP Warning:  Undefined array key "vimeo-square" in C:\Users\Kamera\Local Sites\cloud-computing\app\public\wp-content\plugins\ocean-extra\includes\widgets\social.php on line 543
[01-May-2023 15:05:50 UTC] PHP Warning:  Trying to access array offset on value of type null in C:\Users\Kamera\Local Sites\cloud-computing\app\public\wp-content\plugins\ocean-extra\includes\widgets\social.php on line 543
[01-May-2023 15:06:01 UTC] PHP Warning:  Undefined array key "google-plus" in C:\Users\Kamera\Local Sites\cloud-computing\app\public\wp-content\plugins\ocean-extra\includes\widgets\social.php on line 543
[01-May-2023 15:06:01 UTC] PHP Warning:  Trying to access array offset on value of type null in C:\Users\Kamera\Local Sites\cloud-computing\app\public\wp-content\plugins\ocean-extra\includes\widgets\social.php on line 543
[01-May-2023 15:06:01 UTC] PHP Warning:  Undefined array key "vimeo-square" in C:\Users\Kamera\Local Sites\cloud-computing\app\public\wp-content\plugins\ocean-extra\includes\widgets\social.php on line 543
[01-May-2023 15:06:01 UTC] PHP Warning:  Trying to access array offset on value of type null in C:\Users\Kamera\Local Sites\cloud-computing\app\public\wp-content\plugins\ocean-extra\includes\widgets\social.php on line 543
[01-May-2023 15:06:27 UTC] PHP Warning:  Undefined array key "google-plus" in C:\Users\Kamera\Local Sites\cloud-computing\app\public\wp-content\plugins\ocean-extra\includes\widgets\social.php on line 543
[01-May-2023 15:06:27 UTC] PHP Warning:  Trying to access array offset on value of type null in C:\Users\Kamera\Local Sites\cloud-computing\app\public\wp-content\plugins\ocean-extra\includes\widgets\social.php on line 543
[01-May-2023 15:06:27 UTC] PHP Warning:  Undefined array key "vimeo-square" in C:\Users\Kamera\Local Sites\cloud-computing\app\public\wp-content\plugins\ocean-extra\includes\widgets\social.php on line 543
[01-May-2023 15:06:27 UTC] PHP Warning:  Trying to access array offset on value of type null in C:\Users\Kamera\Local Sites\cloud-computing\app\public\wp-content\plugins\ocean-extra\includes\widgets\social.php on line 543
[01-May-2023 15:06:28 UTC] PHP Warning:  Undefined array key "google-plus" in C:\Users\Kamera\Local Sites\cloud-computing\app\public\wp-content\plugins\ocean-extra\includes\widgets\social.php on line 543
[01-May-2023 15:06:28 UTC] PHP Warning:  Trying to access array offset on value of type null in C:\Users\Kamera\Local Sites\cloud-computing\app\public\wp-content\plugins\ocean-extra\includes\widgets\social.php on line 543
[01-May-2023 15:06:28 UTC] PHP Warning:  Undefined array key "vimeo-square" in C:\Users\Kamera\Local Sites\cloud-computing\app\public\wp-content\plugins\ocean-extra\includes\widgets\social.php on line 543
[01-May-2023 15:06:28 UTC] PHP Warning:  Trying to access array offset on value of type null in C:\Users\Kamera\Local Sites\cloud-computing\app\public\wp-content\plugins\ocean-extra\includes\widgets\social.php on line 543
[01-May-2023 15:06:40 UTC] PHP Warning:  Undefined array key "google-plus" in C:\Users\Kamera\Local Sites\cloud-computing\app\public\wp-content\plugins\ocean-extra\includes\widgets\social.php on line 543
[01-May-2023 15:06:40 UTC] PHP Warning:  Trying to access array offset on value of type null in C:\Users\Kamera\Local Sites\cloud-computing\app\public\wp-content\plugins\ocean-extra\includes\widgets\social.php on line 543
[01-May-2023 15:06:40 UTC] PHP Warning:  Undefined array key "vimeo-square" in C:\Users\Kamera\Local Sites\cloud-computing\app\public\wp-content\plugins\ocean-extra\includes\widgets\social.php on line 543
[01-May-2023 15:06:40 UTC] PHP Warning:  Trying to access array offset on value of type null in C:\Users\Kamera\Local Sites\cloud-computing\app\public\wp-content\plugins\ocean-extra\includes\widgets\social.php on line 543
[01-May-2023 15:06:40 UTC] PHP Warning:  Undefined array key "google-plus" in C:\Users\Kamera\Local Sites\cloud-computing\app\public\wp-content\plugins\ocean-extra\includes\widgets\social.php on line 543
[01-May-2023 15:06:40 UTC] PHP Warning:  Trying to access array offset on value of type null in C:\Users\Kamera\Local Sites\cloud-computing\app\public\wp-content\plugins\ocean-extra\includes\widgets\social.php on line 543
[01-May-2023 15:06:40 UTC] PHP Warning:  Undefined array key "vimeo-square" in C:\Users\Kamera\Local Sites\cloud-computing\app\public\wp-content\plugins\ocean-extra\includes\widgets\social.php on line 543
[01-May-2023 15:06:40 UTC] PHP Warning:  Trying to access array offset on value of type null in C:\Users\Kamera\Local Sites\cloud-computing\app\public\wp-content\plugins\ocean-extra\includes\widgets\social.php on line 543
[01-May-2023 15:11:26 UTC] PHP Warning:  Undefined array key "google-plus" in C:\Users\Kamera\Local Sites\cloud-computing\app\public\wp-content\plugins\ocean-extra\includes\widgets\social.php on line 543
[01-May-2023 15:11:26 UTC] PHP Warning:  Trying to access array offset on value of type null in C:\Users\Kamera\Local Sites\cloud-computing\app\public\wp-content\plugins\ocean-extra\includes\widgets\social.php on line 543
[01-May-2023 15:11:26 UTC] PHP Warning:  Undefined array key "vimeo-square" in C:\Users\Kamera\Local Sites\cloud-computing\app\public\wp-content\plugins\ocean-extra\includes\widgets\social.php on line 543
[01-May-2023 15:11:26 UTC] PHP Warning:  Trying to access array offset on value of type null in C:\Users\Kamera\Local Sites\cloud-computing\app\public\wp-content\plugins\ocean-extra\includes\widgets\social.php on line 543
[01-May-2023 15:14:33 UTC] PHP Warning:  Undefined array key "google-plus" in C:\Users\Kamera\Local Sites\cloud-computing\app\public\wp-content\plugins\ocean-extra\includes\widgets\social.php on line 543
[01-May-2023 15:14:33 UTC] PHP Warning:  Trying to access array offset on value of type null in C:\Users\Kamera\Local Sites\cloud-computing\app\public\wp-content\plugins\ocean-extra\includes\widgets\social.php on line 543
[01-May-2023 15:14:33 UTC] PHP Warning:  Undefined array key "vimeo-square" in C:\Users\Kamera\Local Sites\cloud-computing\app\public\wp-content\plugins\ocean-extra\includes\widgets\social.php on line 543
[01-May-2023 15:14:33 UTC] PHP Warning:  Trying to access array offset on value of type null in C:\Users\Kamera\Local Sites\cloud-computing\app\public\wp-content\plugins\ocean-extra\includes\widgets\social.php on line 543
[01-May-2023 18:27:04 UTC] Cron reschedule event error for hook: action_scheduler_run_queue, Error code: could_not_set, Error message: The cron event list could not be saved., Data: {"schedule":"every_minute","args":["WP Cron"],"interval":60}
[01-May-2023 18:57:03 UTC] PHP Warning:  Undefined array key "google-plus" in C:\Users\Kamera\Local Sites\cloud-computing\app\public\wp-content\plugins\ocean-extra\includes\widgets\social.php on line 543
[01-May-2023 18:57:03 UTC] PHP Warning:  Trying to access array offset on value of type null in C:\Users\Kamera\Local Sites\cloud-computing\app\public\wp-content\plugins\ocean-extra\includes\widgets\social.php on line 543
[01-May-2023 18:57:03 UTC] PHP Warning:  Undefined array key "vimeo-square" in C:\Users\Kamera\Local Sites\cloud-computing\app\public\wp-content\plugins\ocean-extra\includes\widgets\social.php on line 543
[01-May-2023 18:57:03 UTC] PHP Warning:  Trying to access array offset on value of type null in C:\Users\Kamera\Local Sites\cloud-computing\app\public\wp-content\plugins\ocean-extra\includes\widgets\social.php on line 543
[01-May-2023 19:04:57 UTC] PHP Warning:  Undefined array key "google-plus" in C:\Users\Kamera\Local Sites\cloud-computing\app\public\wp-content\plugins\ocean-extra\includes\widgets\social.php on line 543
[01-May-2023 19:04:57 UTC] PHP Warning:  Trying to access array offset on value of type null in C:\Users\Kamera\Local Sites\cloud-computing\app\public\wp-content\plugins\ocean-extra\includes\widgets\social.php on line 543
[01-May-2023 19:04:57 UTC] PHP Warning:  Undefined array key "vimeo-square" in C:\Users\Kamera\Local Sites\cloud-computing\app\public\wp-content\plugins\ocean-extra\includes\widgets\social.php on line 543
[01-May-2023 19:04:57 UTC] PHP Warning:  Trying to access array offset on value of type null in C:\Users\Kamera\Local Sites\cloud-computing\app\public\wp-content\plugins\ocean-extra\includes\widgets\social.php on line 543
[01-May-2023 19:46:53 UTC] PHP Warning:  Undefined array key "google-plus" in C:\Users\Kamera\Local Sites\cloud-computing\app\public\wp-content\plugins\ocean-extra\includes\widgets\social.php on line 543
[01-May-2023 19:46:53 UTC] PHP Warning:  Trying to access array offset on value of type null in C:\Users\Kamera\Local Sites\cloud-computing\app\public\wp-content\plugins\ocean-extra\includes\widgets\social.php on line 543
[01-May-2023 19:46:53 UTC] PHP Warning:  Undefined array key "vimeo-square" in C:\Users\Kamera\Local Sites\cloud-computing\app\public\wp-content\plugins\ocean-extra\includes\widgets\social.php on line 543
[01-May-2023 19:46:53 UTC] PHP Warning:  Trying to access array offset on value of type null in C:\Users\Kamera\Local Sites\cloud-computing\app\public\wp-content\plugins\ocean-extra\includes\widgets\social.php on line 543
[02-May-2023 11:41:19 UTC] Shell mysql dump error. Change SQL Mode to the "PHP Code" in the Duplicator > Settings > Packages. DETAIL:
[02-May-2023 11:41:19 UTC] Runtime error in DUP_Database::Build. Shell mysql dump error. Change SQL Mode to the "PHP Code" in the Duplicator > Settings > Packages. DETAIL:Exception: Exception: Shell mysql dump error. Change SQL Mode to the "PHP Code" in the Duplicator > Settings > Packages. in C:\Users\Kamera\Local Sites\cloud-computing\app\public\wp-content\plugins\duplicator\classes\class.logging.php:301
Stack trace:
#0 C:\Users\Kamera\Local Sites\cloud-computing\app\public\wp-content\plugins\duplicator\classes\package\class.pack.database.php(597): DUP_Log::error('Shell mysql dum...', '', 1)
#1 C:\Users\Kamera\Local Sites\cloud-computing\app\public\wp-content\plugins\duplicator\classes\package\class.pack.database.php(223): DUP_Database->mysqlDump('C:/xampp/mysql/...')
#2 C:\Users\Kamera\Local Sites\cloud-computing\app\public\wp-content\plugins\duplicator\classes\package\class.pack.php(1371): DUP_Database->build(Object(DUP_Package), 1)
#3 C:\Users\Kamera\Local Sites\cloud-computing\app\public\wp-content\plugins\duplicator\ctrls\ctrl.package.php(89): DUP_Package->runZipBuild()
#4 C:\Users\Kamera\Local Sites\cloud-computing\app\public\wp-includes\class-wp-hook.php(308): duplicator_package_build('')
#5 C:\Users\Kamera\Local Sites\cloud-computing\app\public\wp-includes\class-wp-hook.php(332): WP_Hook->apply_filters('', Array)
#6 C:\Users\Kamera\Local Sites\cloud-computing\app\public\wp-includes\plugin.php(517): WP_Hook->do_action(Array)
#7 C:\Users\Kamera\Local Sites\cloud-computing\app\public\wp-admin\admin-ajax.php(188): do_action('wp_ajax_duplica...')
#8 {main}
[02-May-2023 11:53:18 UTC] Cron reschedule event error for hook: action_scheduler_run_queue, Error code: invalid_schedule, Error message: Event schedule does not exist., Data: {"schedule":"every_minute","args":["WP Cron"],"interval":60}
[11-May-2023 18:07:44 UTC] Cron reschedule event error for hook: wpforms_email_summaries_cron, Error code: invalid_schedule, Error message: Event schedule does not exist., Data: {"schedule":"wpforms_email_summaries_weekly","args":[],"interval":604800}
[17-May-2023 14:19:03 UTC] PHP Warning:  Undefined array key "google-plus" in C:\Users\Kamera\Local Sites\cloud-computing\app\public\wp-content\plugins\ocean-extra\includes\widgets\social.php on line 543
[17-May-2023 14:19:03 UTC] PHP Warning:  Trying to access array offset on value of type null in C:\Users\Kamera\Local Sites\cloud-computing\app\public\wp-content\plugins\ocean-extra\includes\widgets\social.php on line 543
[17-May-2023 14:19:03 UTC] PHP Warning:  Undefined array key "vimeo-square" in C:\Users\Kamera\Local Sites\cloud-computing\app\public\wp-content\plugins\ocean-extra\includes\widgets\social.php on line 543
[17-May-2023 14:19:03 UTC] PHP Warning:  Trying to access array offset on value of type null in C:\Users\Kamera\Local Sites\cloud-computing\app\public\wp-content\plugins\ocean-extra\includes\widgets\social.php on line 543
